<?xml version="1.0" encoding="utf-8"?><testsuites name="pytest tests"><testsuite name="pytest" errors="0" failures="0" skipped="0" tests="319" time="345.541" timestamp="2026-09-10T10:07:02.453946+07:00" hostname="PC_Pc"><testcase classname="tests.test_api" name="test_root" time="0.004" /><testcase classname="tests.test_api" name="test_health" time="0.002" /><testcase classname="tests.test_api" name="test_health_diagnostics" time="0.094" /><testcase classname="tests.test_api" name="test_version" time="0.003" /><testcase classname="tests.test_api" name="test_mission_basic" time="0.003" /><testcase classname="tests.test_api" name="test_mission_json_compliance" time="0.003" /><testcase classname="tests.test_api" name="test_mission_inf_constraints_sanitised" time="0.003" /><testcase classname="tests.test_api" name="test_mission_invalid_ws_range" time="0.002" /><testcase classname="tests.test_api" name="test_mission_takeoff_constraint" time="0.004" /><testcase classname="tests.test_api" name="test_turbojet_basic" time="0.303" /><testcase classname="tests.test_api" name="test_turbojet_efficiency_metrics" time="0.299" /><testcase classname="tests.test_api" name="test_turbojet_json_compliance" time="0.293" /><testcase classname="tests.test_api" name="test_turbojet_sls_physics_benchmark" time="0.302" /><testcase classname="tests.test_api" name="test_turbojet_afterburner" time="0.340" /><testcase classname="tests.test_api" name="test_turbojet_invalid_prc" time="0.002" /><testcase classname="tests.test_api" name="test_turbojet_invalid_tit" time="0.020" /><testcase classname="tests.test_api" name="test_turbofan_separate_basic" time="0.545" /><testcase classname="tests.test_api" name="test_turbofan_efficiency_metrics_present" time="1.035" /><testcase classname="tests.test_api" name="test_turbofan_mixed_efficiency_metrics_present" time="1.310" /><testcase classname="tests.test_api" name="test_turbofan_json_compliance" time="1.118" /><testcase classname="tests.test_api" name="test_turbofan_cruise_tsfc_benchmark" time="1.123" /><testcase classname="tests.test_api" name="test_turbofan_nozzle_dp_frac_affects_output" time="2.475" /><testcase classname="tests.test_api" name="test_cycle_sweep_basic" time="7.396" /><testcase classname="tests.test_api" name="test_cycle_sweep_invalid_range" time="0.004" /><testcase classname="tests.test_api" name="test_sensitivity_t4_sweep" time="8.140" /><testcase classname="tests.test_api" name="test_sensitivity_invalid_sweep_type" time="0.004" /><testcase classname="tests.test_api" name="test_sensitivity_alt_sweep" time="6.458" /><testcase classname="tests.test_api" name="test_sensitivity_opr_sweep" time="6.689" /><testcase classname="tests.test_api" name="test_multispool_basic" time="2.973" /><testcase classname="tests.test_api" name="test_multispool_stations" time="2.915" /><testcase classname="tests.test_api" name="test_multispool_json_compliance" time="2.786" /><testcase classname="tests.test_api" name="test_offdesign_map_basic" time="1.077" /><testcase classname="tests.test_api" name="test_offdesign_throttle_basic" time="8.592" /><testcase classname="tests.test_api" name="test_offdesign_json_compliance" time="7.324" /><testcase classname="tests.test_api" name="test_rocket_analyze_basic" time="0.134" /><testcase classname="tests.test_api" name="test_rocket_h2o2_isp_benchmark" time="0.131" /><testcase classname="tests.test_api" name="test_rocket_shifting_gt_frozen_isp" time="2.601" /><testcase classname="tests.test_api" name="test_rocket_invalid_propellant" time="0.005" /><testcase classname="tests.test_api" name="test_rocket_invalid_mode" time="0.004" /><testcase classname="tests.test_api" name="test_rocket_json_compliance" time="0.132" /><testcase classname="tests.test_api" name="test_rocket_sweep_basic" time="8.271" /><testcase classname="tests.test_api" name="test_rocket_sweep_invalid_propellant" time="0.004" /><testcase classname="tests.test_api" name="test_rocket_altitude_basic" time="0.131" /><testcase classname="tests.test_api" name="test_rocket_altitude_invalid_propellant" time="0.004" /><testcase classname="tests.test_api" name="test_rocket_altitude_invalid_mode" time="0.004" /><testcase classname="tests.test_api" name="test_rocket_sizing_basic" time="0.129" /><testcase classname="tests.test_api" name="test_rocket_sizing_invalid_propellant" time="0.004" /><testcase classname="tests.test_api" name="test_rocket_sizing_invalid_mode" time="0.004" /><testcase classname="tests.test_api" name="test_rocket_moc_basic" time="0.215" /><testcase classname="tests.test_api" name="test_rocket_export_stl" time="0.082" /><testcase classname="tests.test_api" name="test_rocket_export_csv" time="0.064" /><testcase classname="tests.test_api" name="test_cycle_at_max_altitude" time="0.687" /><testcase classname="tests.test_api" name="test_cycle_at_zero_mach" time="0.710" /><testcase classname="tests.test_api" name="test_rocket_low_chamber_pressure" time="0.004" /><testcase classname="tests.test_api" name="test_rocket_of_at_extremes" time="0.183" /><testcase classname="tests.test_api" name="test_moc_low_mach_exit" time="0.117" /><testcase classname="tests.test_api" name="test_moc_high_mach_exit" time="0.071" /><testcase classname="tests.test_api" name="test_mission_ceiling_constraint" time="0.005" /><testcase classname="tests.test_api" name="test_mission_climb_constraint" time="0.004" /><testcase classname="tests.test_atmosphere_conventions" name="test_geometric_layer_transition_is_continuous[11000.0]" time="0.001" /><testcase classname="tests.test_atmosphere_conventions" name="test_geometric_layer_transition_is_continuous[20000.0]" time="0.001" /><testcase classname="tests.test_atmosphere_conventions" name="test_geometric_layer_transition_is_continuous[32000.0]" time="0.001" /><testcase classname="tests.test_atmosphere_conventions" name="test_default_geometric_differs_from_geopotential" time="0.000" /><testcase classname="tests.test_atmosphere_conventions" name="test_convention_keeps_explicit_upper_limit[geometric]" time="0.001" /><testcase classname="tests.test_atmosphere_conventions" name="test_convention_keeps_explicit_upper_limit[geopotential]" time="0.001" /><testcase classname="tests.test_atmosphere_conventions" name="test_unknown_convention_is_rejected" time="0.000" /><testcase classname="tests.test_core" name="test_isa_atmosphere_sea_level" time="0.001" /><testcase classname="tests.test_core" name="test_isa_atmosphere_10km" time="0.000" /><testcase classname="tests.test_core" name="test_isa_atmosphere_20km" time="0.000" /><testcase classname="tests.test_core" name="test_turbojet_sls" time="0.694" /><testcase classname="tests.test_core" name="test_turbojet_has_stations" time="0.690" /><testcase classname="tests.test_core" name="test_turbofan_sls" time="1.200" /><testcase classname="tests.test_core" name="test_turbofan_higher_bpr_lower_tsfc" time="2.308" /><testcase classname="tests.test_core" name="test_offdesign_throttle" time="8.944" /><testcase classname="tests.test_core" name="test_offdesign_map_has_speed_lines" time="0.706" /><testcase classname="tests.test_core" name="test_mission_constraint_diagram" time="0.001" /><testcase classname="tests.test_core" name="test_rocket_equilibrium" time="0.119" /><testcase classname="tests.test_core" name="test_rocket_altitude_performance" time="0.118" /><testcase classname="tests.test_core" name="test_rocket_of_sweep" time="2.618" /><testcase classname="tests.test_core" name="test_moc_contour_csv_format" time="0.060" /><testcase classname="tests.test_core" name="test_moc_contour_monotonic" time="0.028" /><testcase classname="tests.test_core" name="test_moc_exit_area_ratio_matches_isentropic" time="0.831" /><testcase classname="tests.test_core" name="test_moc_planar_height_ratio" time="0.447" /><testcase classname="tests.test_core" name="test_turbojet_high_altitude" time="0.701" /><testcase classname="tests.test_core" name="test_isa_altitude_boundary" time="0.000" /><testcase classname="tests.test_core" name="test_isa_upper_stratosphere_25km" time="0.001" /><testcase classname="tests.test_core" name="test_isa_stratopause_40km" time="0.000" /><testcase classname="tests.test_core" name="test_rocket_mdot_integrity" time="0.125" /><testcase classname="tests.test_core" name="test_turbofan_mixed_exhaust" time="1.332" /><testcase classname="tests.test_core" name="test_turbojet_prc_sweep_aggregation" time="5.690" /><testcase classname="tests.test_core" name="test_mission_zero_mach_rejected" time="0.001" /><testcase classname="tests.test_core" name="test_mission_low_dynamic_pressure_rejected" time="0.000" /><testcase classname="tests.test_core" name="test_mission_optimum_with_inf_constraints" time="0.001" /><testcase classname="tests.test_core" name="test_rocket_hypergolic_mmh_n2o4" time="0.085" /><testcase classname="tests.test_core" name="test_rocket_hypergolic_udmh_n2o4" time="0.085" /><testcase classname="tests.test_core" name="test_rocket_invalid_propellant_raises" time="0.001" /><testcase classname="tests.test_core" name="test_rocket_bartz_heat_flux_structure" time="0.125" /><testcase classname="tests.test_core" name="test_moc_stl_has_real_normals" time="0.329" /><testcase classname="tests.test_core" name="test_offdesign_error_point_has_detail" time="4.587" /><testcase classname="tests.test_core" name="test_csv_export_has_metadata_header" time="0.183" /><testcase classname="tests.test_core" name="test_stl_export_has_metadata_solid_name" time="0.079" /><testcase classname="tests.test_core" name="test_isa_exact_layer_boundaries" time="0.000" /><testcase classname="tests.test_core" name="test_rocket_h2o2_isp_vacuum_benchmark" time="0.134" /><testcase classname="tests.test_core" name="test_rocket_shifting_ge_frozen" time="2.445" /><testcase classname="tests.test_core" name="test_turbojet_sls_spec_thrust_range" time="0.675" /><testcase classname="tests.test_core" name="test_turbofan_fuel_ratio_physical_range" time="1.132" /><testcase classname="tests.test_core" name="test_turbofan_efficiency_metrics_present" time="2.435" /><testcase classname="tests.test_core" name="test_multispool_energy_closure" time="2.974" /><testcase classname="tests.test_core" name="test_isa_beyond_47km_rejected" time="0.001" /><testcase classname="tests.test_core" name="test_offdesign_turbine_pr_from_work_balance" time="10.804" /><testcase classname="tests.test_core" name="test_offdesign_sweep_throttle_invalid_points" time="0.720" /><testcase classname="tests.test_core" name="test_rocket_extreme_impurity" time="0.001" /><testcase classname="tests.test_cycle_energy_audit" name="test_audit_proxy_matches_current_property_helper[0.0]" time="0.177" /><testcase classname="tests.test_cycle_energy_audit" name="test_audit_proxy_matches_current_property_helper[0.02]" time="0.170" /><testcase classname="tests.test_cycle_energy_audit" name="test_audit_proxy_matches_current_property_helper[0.06]" time="0.186" /><testcase classname="tests.test_cycle_energy_audit" name="test_energy_audit_retains_measured_failure_and_power_terms" time="0.772" /><testcase classname="tests.test_diagnostic_uncertainty" name="test_pressure_loss_analytic_uncertainty" time="0.001" /><testcase classname="tests.test_diagnostic_uncertainty" name="test_correlated_scale_error_cancels_pressure_ratio" time="0.001" /><testcase classname="tests.test_diagnostic_uncertainty" name="test_invalid_covariance_rejected[bad0]" time="0.001" /><testcase classname="tests.test_diagnostic_uncertainty" name="test_invalid_covariance_rejected[bad1]" time="0.001" /><testcase classname="tests.test_diagnostic_uncertainty" name="test_invalid_covariance_rejected[bad2]" time="0.001" /><testcase classname="tests.test_diagnostic_uncertainty" name="test_non_psd_correlations_rejected" time="0.001" /><testcase classname="tests.test_diagnostics" name="test_diagnostics_nominal" time="0.005" /><testcase classname="tests.test_diagnostics" name="test_diagnostics_faults" time="0.004" /><testcase classname="tests.test_diagnostics" name="test_diagnostics_validation" time="0.004" /><testcase classname="tests.test_diagnostics" name="test_diagnostics_divide_by_zero_safety" time="0.268" /><testcase classname="tests.test_diagnostics" name="test_diagnostics_unphysical_sensor_readings" time="0.010" /><testcase classname="tests.test_ea06_interfaces" name="test_covariance_api_returns_measurement_scope" time="0.005" /><testcase classname="tests.test_ea06_interfaces" name="test_deck_cruise_api_and_domain" time="0.007" /><testcase classname="tests.test_engine_deck" name="test_bilinear_and_no_extrapolation" time="0.001" /><testcase classname="tests.test_engine_deck" name="test_constant_drag_exact_fuel" time="0.001" /><testcase classname="tests.test_engine_deck" name="test_thrust_deficit_fails" time="0.001" /><testcase classname="tests.test_error_handling" name="test_validation_errors_use_structured_422_envelope" time="0.004" /><testcase classname="tests.test_error_handling" name="test_request_id_is_preserved_when_client_supplies_a_safe_value" time="0.003" /><testcase classname="tests.test_error_handling" name="test_solver_failure_hides_exception_details" time="0.005" /><testcase classname="tests.test_error_handling" name="test_request_ids_are_unique_for_unlabelled_requests" time="0.007" /><testcase classname="tests.test_frozen_flow" name="test_argon_inlet_matches_constant_cp[0.0]" time="0.254" /><testcase classname="tests.test_frozen_flow" name="test_argon_inlet_matches_constant_cp[0.8]" time="0.277" /><testcase classname="tests.test_frozen_flow" name="test_argon_inlet_matches_constant_cp[3.0]" time="0.267" /><testcase classname="tests.test_frozen_flow" name="test_argon_nozzle_matches_constant_cp[100000.0]" time="0.361" /><testcase classname="tests.test_frozen_flow" name="test_argon_nozzle_matches_constant_cp[350000.0]" time="0.342" /><testcase classname="tests.test_frozen_flow" name="test_hot_mixture_choke_continuity_and_composition" time="7.170" /><testcase classname="tests.test_frozen_flow" name="test_pressure_loss_preserves_total_energy" time="0.526" /><testcase classname="tests.test_frozen_flow" name="test_invalid_nozzle_pressure[0.0]" time="0.086" /><testcase classname="tests.test_frozen_flow" name="test_invalid_nozzle_pressure[nan]" time="0.086" /><testcase classname="tests.test_frozen_flow" name="test_invalid_nozzle_pressure[400000.0]" time="0.376" /><testcase classname="tests.test_frozen_flow" name="test_invalid_nozzle_pressure[500000.0]" time="0.086" /><testcase classname="tests.test_frozen_flow" name="test_iteration_exhaustion_is_explicit" time="0.341" /><testcase classname="tests.test_gas_state" name="test_exact_fuel_air_mass_ratio[0.0]" time="0.174" /><testcase classname="tests.test_gas_state" name="test_exact_fuel_air_mass_ratio[0.02]" time="0.175" /><testcase classname="tests.test_gas_state" name="test_exact_fuel_air_mass_ratio[0.06]" time="0.199" /><testcase classname="tests.test_gas_state" name="test_exact_fuel_air_mass_ratio[0.1]" time="0.171" /><testcase classname="tests.test_gas_state" name="test_mass_scale_and_analytical_element_conservation" time="0.178" /><testcase classname="tests.test_gas_state" name="test_frozen_inversions_preserve_composition_elements_and_source" time="0.776" /><testcase classname="tests.test_gas_state" name="test_parallel_calls_cannot_mutate_other_states" time="0.501" /><testcase classname="tests.test_gas_state" name="test_invalid_species_masses_fail[masses0]" time="0.001" /><testcase classname="tests.test_gas_state" name="test_invalid_species_masses_fail[masses1]" time="0.001" /><testcase classname="tests.test_gas_state" name="test_invalid_species_masses_fail[masses2]" time="0.001" /><testcase classname="tests.test_gas_state" name="test_invalid_species_masses_fail[masses3]" time="0.083" /><testcase classname="tests.test_gas_state" name="test_invalid_species_masses_fail[masses4]" time="0.001" /><testcase classname="tests.test_gas_state" name="test_ambiguous_inversion_fails" time="0.168" /><testcase classname="tests.test_map_contract" name="test_corrected_flow_and_speed_reference" time="0.000" /><testcase classname="tests.test_map_contract" name="test_rectangular_map_interpolation_and_no_extrapolation" time="0.001" /><testcase classname="tests.test_methane_api" name="test_methane_model_result_and_evidence" time="2.832" /><testcase classname="tests.test_methane_api" name="test_model_selection_and_legacy_fields_rejected[body0]" time="0.004" /><testcase classname="tests.test_methane_api" name="test_model_selection_and_legacy_fields_rejected[body1]" time="0.006" /><testcase classname="tests.test_methane_api" name="test_model_selection_and_legacy_fields_rejected[body2]" time="0.004" /><testcase classname="tests.test_methane_api" name="test_model_selection_and_legacy_fields_rejected[body3]" time="0.090" /><testcase classname="tests.test_methane_api" name="test_legacy_ramjet_route_still_uses_legacy_solver" time="0.445" /><testcase classname="tests.test_methane_cycle" name="test_burner_energy_elements_and_reaction" time="0.342" /><testcase classname="tests.test_methane_cycle" name="test_explicit_heat_loss_requires_more_fuel" time="0.558" /><testcase classname="tests.test_methane_cycle" name="test_unattainable_target_fails[600]" time="0.223" /><testcase classname="tests.test_methane_cycle" name="test_unattainable_target_fails[5000]" time="0.337" /><testcase classname="tests.test_methane_cycle" name="test_exhausted_fuel_root_fails" time="0.341" /><testcase classname="tests.test_methane_cycle" name="test_ramjet_mass_momentum_and_frozen_products" time="2.923" /><testcase classname="tests.test_methane_cycle" name="test_bad_loss_rejected" time="0.000" /><testcase classname="tests.test_methane_turbojet" name="test_turbojet_shaft_and_mass_close[0.0]" time="6.635" /><testcase classname="tests.test_methane_turbojet" name="test_turbojet_shaft_and_mass_close[0.8]" time="6.709" /><testcase classname="tests.test_methane_turbojet" name="test_infeasible_work_fails" time="0.852" /><testcase classname="tests.test_methane_turbojet" name="test_turbojet_api_and_wrong_architecture" time="7.057" /><testcase classname="tests.test_methane_turbojet" name="test_afterburner_mass_fuel_and_energy_basis" time="6.954" /><testcase classname="tests.test_methane_turbojet" name="test_disabled_afterburner_does_not_apply_pressure_loss" time="13.031" /><testcase classname="tests.test_methane_turbojet" name="test_afterburner_invalid_target_and_api" time="11.917" /><testcase classname="tests.test_mission_assurance" name="test_takeoff_work_energy_identity" time="0.001" /><testcase classname="tests.test_mission_assurance" name="test_breguet_mass_and_weight_sfc_agree" time="0.001" /><testcase classname="tests.test_mission_assurance" name="test_breguet_invalid_core_input[inputs0]" time="0.001" /><testcase classname="tests.test_mission_assurance" name="test_breguet_invalid_core_input[inputs1]" time="0.001" /><testcase classname="tests.test_mission_assurance" name="test_breguet_invalid_core_input[inputs2]" time="0.001" /><testcase classname="tests.test_mission_assurance" name="test_breguet_invalid_core_input[inputs3]" time="0.001" /><testcase classname="tests.test_mission_assurance" name="test_breguet_rejects_ambiguous_and_unknown_api_fields" time="0.007" /><testcase classname="tests.test_mission_assurance" name="test_failed_constraint_never_becomes_optimum" time="0.001" /><testcase classname="tests.test_mission_assurance" name="test_unknown_constraint_is_explicit_failure" time="0.001" /><testcase classname="tests.test_mission_assurance" name="test_takeoff_density_and_ceiling_rate_reach_core" time="0.001" /><testcase classname="tests.test_mission_assurance" name="test_diagnostic_efficiency_inverse_identity" time="0.000" /><testcase classname="tests.test_mission_assurance" name="test_diagnostic_nonfinite_or_invalid_scalars[changes0]" time="0.001" /><testcase classname="tests.test_mission_assurance" name="test_diagnostic_nonfinite_or_invalid_scalars[changes1]" time="0.001" /><testcase classname="tests.test_mission_assurance" name="test_diagnostic_nonfinite_or_invalid_scalars[changes2]" time="0.001" /><testcase classname="tests.test_mission_assurance" name="test_contradictory_telemetry_has_no_fault_verdict[changes0]" time="0.004" /><testcase classname="tests.test_mission_assurance" name="test_contradictory_telemetry_has_no_fault_verdict[changes1]" time="0.189" /><testcase classname="tests.test_mission_assurance" name="test_contradictory_telemetry_has_no_fault_verdict[changes2]" time="0.004" /><testcase classname="tests.test_mission_assurance" name="test_contradictory_telemetry_has_no_fault_verdict[changes3]" time="0.004" /><testcase classname="tests.test_mixing_reheat" name="test_argon_mixing_matches_analytic_temperature" time="0.336" /><testcase classname="tests.test_mixing_reheat" name="test_mixed_products_then_reheat_conserve_streams" time="0.877" /><testcase classname="tests.test_mixing_reheat" name="test_no_oxygen_for_reheat_fails" time="0.254" /><testcase classname="tests.test_mixing_reheat" name="test_invalid_flow_fails[0]" time="0.097" /><testcase classname="tests.test_mixing_reheat" name="test_invalid_flow_fails[-1]" time="0.087" /><testcase classname="tests.test_mixing_reheat" name="test_invalid_flow_fails[nan]" time="0.086" /><testcase classname="tests.test_mixing_reheat" name="test_mixer_pressure_gain_fails" time="0.089" /><testcase classname="tests.test_multispool" name="test_multispool_returns_expected_keys" time="2.972" /><testcase classname="tests.test_multispool" name="test_multispool_positive_performance" time="2.848" /><testcase classname="tests.test_multispool" name="test_multispool_stations_populated" time="2.897" /><testcase classname="tests.test_multispool" name="test_multispool_temperature_progression" time="3.204" /><testcase classname="tests.test_multispool" name="test_multispool_efficiencies_valid" time="2.917" /><testcase classname="tests.test_multispool" name="test_multispool_higher_tit_higher_thrust" time="5.787" /><testcase classname="tests.test_multispool" name="test_multispool_math_trace_populated" time="2.916" /><testcase classname="tests.test_multispool" name="test_multispool_high_alt_cruise" time="2.933" /><testcase classname="tests.test_multispool" name="test_multispool_nozzle_dp_frac_reduces_thrust" time="6.299" /><testcase classname="tests.test_multispool" name="test_turbofan_nozzle_dp_frac_reduces_thrust" time="2.263" /><testcase classname="tests.test_multispool" name="test_multispool_zero_bypass_ratio" time="2.910" /><testcase classname="tests.test_multispool" name="test_multispool_max_bypass_ratio" time="2.947" /><testcase classname="tests.test_multispool" name="test_multispool_extreme_pressure_ratios" time="2.817" /><testcase classname="tests.test_presets_and_extensions" name="test_presets_endpoint" time="0.005" /><testcase classname="tests.test_presets_and_extensions" name="test_ramjet_solver" time="0.448" /><testcase classname="tests.test_presets_and_extensions" name="test_ramjet_endpoint" time="0.850" /><testcase classname="tests.test_presets_and_extensions" name="test_breguet_range_calculator" time="0.001" /><testcase classname="tests.test_presets_and_extensions" name="test_breguet_endpoint" time="0.004" /><testcase classname="tests.test_presets_and_extensions" name="test_moc_obj_export" time="0.087" /><testcase classname="tests.test_presets_and_extensions" name="test_moc_obj_endpoint" time="0.064" /><testcase classname="tests.test_reference_validation" name="test_independent_matched_reference[ATM-H-0]" time="0.001" /><testcase classname="tests.test_reference_validation" name="test_independent_matched_reference[ATM-H-10000]" time="0.001" /><testcase classname="tests.test_reference_validation" name="test_independent_matched_reference[ATM-H-30000]" time="0.001" /><testcase classname="tests.test_reference_validation" name="test_independent_matched_reference[ATM-Z-10000]" time="0.001" /><testcase classname="tests.test_reference_validation" name="test_independent_matched_reference[ATM-Z-30000]" time="0.001" /><testcase classname="tests.test_reference_validation" name="test_independent_matched_reference[PM-1.5]" time="0.001" /><testcase classname="tests.test_reference_validation" name="test_independent_matched_reference[MOC-AREA-1.5]" time="0.142" /><testcase classname="tests.test_reference_validation" name="test_independent_matched_reference[PM-2.0]" time="0.001" /><testcase classname="tests.test_reference_validation" name="test_independent_matched_reference[MOC-AREA-2.0]" time="0.153" /><testcase classname="tests.test_reference_validation" name="test_independent_matched_reference[CEA-GAS-1]" time="0.104" /><testcase classname="tests.test_reference_validation" name="test_independent_matched_reference[CEA-GAS-2]" time="0.103" /><testcase classname="tests.test_reference_validation" name="test_independent_matched_reference[CEA-GAS-3]" time="0.125" /><testcase classname="tests.test_reference_validation" name="test_comparison_preserves_difference" time="0.001" /><testcase classname="tests.test_reference_validation" name="test_comparison_preserves_nonfinite_failure" time="0.001" /><testcase classname="tests.test_reference_validation" name="test_incompatible_reference_never_runs_solver" time="0.001" /><testcase classname="tests.test_reference_validation" name="test_registries_resolve_all_models_equations_and_sources" time="0.005" /><testcase classname="tests.test_reference_validation" name="test_reference_success_does_not_promote_validation" time="1.450" /><testcase classname="tests.test_reference_validation" name="test_empty_reference_cannot_pass" time="0.000" /><testcase classname="tests.test_reference_validation" name="test_cea_cases_match_independent_frozen_artifact" time="0.001" /><testcase classname="tests.test_research_turbofan" name="test_research_architecture_balances[methane_turbofan_research]" time="12.942" /><testcase classname="tests.test_research_turbofan" name="test_research_architecture_balances[methane_mixed_turbofan_research]" time="10.398" /><testcase classname="tests.test_research_turbofan" name="test_research_architecture_balances[methane_multispool_research]" time="16.589" /><testcase classname="tests.test_research_turbofan" name="test_mixed_reheat_and_api" time="9.885" /><testcase classname="tests.test_research_turbofan" name="test_separate_reheat_rejected" time="0.004" /><testcase classname="tests.test_rocket_reactants" name="test_requested_mass_ratio_enters_chemistry[H2/O2-6.0]" time="0.217" /><testcase classname="tests.test_rocket_reactants" name="test_requested_mass_ratio_enters_chemistry[CH4/O2-3.5]" time="0.241" /><testcase classname="tests.test_rocket_reactants" name="test_requested_mass_ratio_enters_chemistry[RP1/O2-2.5]" time="0.238" /><testcase classname="tests.test_rocket_reactants" name="test_requested_mass_ratio_enters_chemistry[CH4/N2O-9.0]" time="0.227" /><testcase classname="tests.test_rocket_reactants" name="test_impurity_uses_fuel_stream_mass_and_adds_overlapping_species[N2]" time="0.128" /><testcase classname="tests.test_rocket_reactants" name="test_impurity_uses_fuel_stream_mass_and_adds_overlapping_species[H2]" time="0.120" /><testcase classname="tests.test_rocket_reactants" name="test_impurity_uses_fuel_stream_mass_and_adds_overlapping_species[O2]" time="0.125" /><testcase classname="tests.test_rocket_reactants" name="test_nonzero_impurity_requires_species" time="0.084" /><testcase classname="tests.test_rocket_reactants" name="test_cold_exit_rejected_before_performance[shifting]" time="0.090" /><testcase classname="tests.test_rocket_reactants" name="test_cold_exit_rejected_before_performance[frozen]" time="2.466" /><testcase classname="tests.test_rocket_reactants" name="test_temperature_floor_includes_boundary" time="0.084" /><testcase classname="tests.test_rocket_throat" name="test_throat_mass_and_exit_area_close[frozen]" time="2.312" /><testcase classname="tests.test_rocket_throat" name="test_throat_mass_and_exit_area_close[shifting]" time="0.126" /><testcase classname="tests.test_shaft_stages" name="test_argon_compressor_analytic[1.0]" time="0.260" /><testcase classname="tests.test_shaft_stages" name="test_argon_compressor_analytic[0.85]" time="0.261" /><testcase classname="tests.test_shaft_stages" name="test_argon_turbine_analytic[1.0]" time="0.280" /><testcase classname="tests.test_shaft_stages" name="test_argon_turbine_analytic[0.85]" time="0.260" /><testcase classname="tests.test_shaft_stages" name="test_two_shafts_close_with_product_mass_and_mechanical_loss" time="8.413" /><testcase classname="tests.test_shaft_stages" name="test_zero_shaft_demand_preserves_state" time="0.087" /><testcase classname="tests.test_shaft_stages" name="test_unavailable_work_and_exhaustion_fail" time="0.632" /><testcase classname="tests.test_shaft_stages" name="test_invalid_efficiencies_fail[0]" time="0.097" /><testcase classname="tests.test_shaft_stages" name="test_invalid_efficiencies_fail[1.1]" time="0.086" /><testcase classname="tests.test_shaft_stages" name="test_invalid_efficiencies_fail[nan]" time="0.093" /><testcase classname="tests.test_solver_assurance" name="test_no_expansion_is_explicit[90000]" time="0.001" /><testcase classname="tests.test_solver_assurance" name="test_no_expansion_is_explicit[101325]" time="0.001" /><testcase classname="tests.test_solver_assurance" name="test_nozzle_choke_identity" time="0.000" /><testcase classname="tests.test_solver_assurance" name="test_turbine_efficiency_from_temperature_ratios" time="0.000" /><testcase classname="tests.test_solver_assurance" name="test_core_rejects_architecture[solve_multispool-args0]" time="0.516" /><testcase classname="tests.test_solver_assurance" name="test_core_rejects_architecture[solve_turbofan-args1]" time="0.530" /><testcase classname="tests.test_solver_assurance" name="test_core_allows_unity_hpc" time="2.519" /><testcase classname="tests.test_solver_assurance" name="test_active_heat_addition_cannot_cool[solve_turbojet-args0]" time="0.346" /><testcase classname="tests.test_solver_assurance" name="test_active_heat_addition_cannot_cool[solve_turbofan-args1]" time="0.711" /><testcase classname="tests.test_solver_assurance" name="test_active_heat_addition_cannot_cool[solve_multispool-args2]" time="0.718" /><testcase classname="tests.test_solver_assurance" name="test_active_heat_addition_cannot_cool[solve_turbojet-args3]" time="0.609" /><testcase classname="tests.test_solver_assurance" name="test_active_heat_addition_cannot_cool[solve_turbofan-args4]" time="1.269" /><testcase classname="tests.test_solver_assurance" name="test_multispool_final_work_residuals" time="3.523" /><testcase classname="tests.test_solver_assurance" name="test_iteration_exhaustion_is_not_success" time="2.604" /><testcase classname="tests.test_solver_assurance" name="test_unknown_validation_is_not_true" time="0.000" /><testcase classname="tests.test_solver_assurance" name="test_negative_thrust_has_no_tsfc" time="0.001" /><testcase classname="tests.test_solver_assurance" name="test_nonfinite_output_is_not_silent" time="0.001" /><testcase classname="tests.test_solver_assurance" name="test_api_domain_error_and_correlation" time="1.061" /><testcase classname="tests.test_solver_assurance" name="test_sweep_retains_every_requested_point" time="3.318" /><testcase classname="tests.test_solver_assurance" name="test_typed_failures_reach_gateway[failure0-409-NUMERICAL_FAILURE]" time="0.186" /><testcase classname="tests.test_solver_assurance" name="test_typed_failures_reach_gateway[failure1-503-DEPENDENCY_FAILURE]" time="0.175" /><testcase classname="tests.test_solver_assurance" name="test_atmosphere_rejects_extrapolation[-1]" time="0.001" /><testcase classname="tests.test_solver_assurance" name="test_atmosphere_rejects_extrapolation[47000.1]" time="0.001" /><testcase classname="tests.test_solver_assurance" name="test_atmosphere_rejects_extrapolation[100000]" time="0.001" /><testcase classname="tests.test_solver_assurance" name="test_atmosphere_rejects_extrapolation[nan]" time="0.001" /><testcase classname="tests.test_solver_assurance" name="test_rocket_ambient_changes_only_pressure_thrust" time="0.250" /><testcase classname="tests.test_solver_assurance" name="test_fixed_geometry_altitude_and_invalid_point" time="0.136" /><testcase classname="tests.test_solver_assurance" name="test_expansion_regime[100000-0-Underexpanded]" time="0.001" /><testcase classname="tests.test_solver_assurance" name="test_expansion_regime[100000-100000-Ideally Expanded]" time="0.001" /><testcase classname="tests.test_solver_assurance" name="test_expansion_regime[80000-100000-Overexpanded]" time="0.001" /><testcase classname="tests.test_solver_assurance" name="test_expansion_regime[30000-100000-Separation Warning]" time="0.001" /><testcase classname="tests.test_solver_assurance" name="test_rocket_pressure_contract[0-0]" time="0.001" /><testcase classname="tests.test_solver_assurance" name="test_rocket_pressure_contract[7500000.0-0]" time="0.001" /><testcase classname="tests.test_solver_assurance" name="test_rocket_pressure_contract[-1-0]" time="0.001" /><testcase classname="tests.test_solver_assurance" name="test_rocket_pressure_contract[101325--1]" time="0.001" /><testcase classname="tests.test_solver_assurance" name="test_map_anchor_and_surge_boundary" time="0.694" /><testcase classname="tests.test_solver_assurance" name="test_offdesign_si_and_failure_rows" time="3.134" /><testcase classname="tests.test_solver_assurance" name="test_map_never_clips_outside_speed" time="0.001" /><testcase classname="tests.test_solver_assurance" name="test_pressure_work_is_included_in_energy_flux" time="0.001" /><testcase classname="tests.test_solver_assurance" name="test_api_rejects_nonfinite_inputs_with_json_envelope" time="0.004" /><testcase classname="tests.test_solver_assurance" name="test_api_rejects_altitude_beyond_supported_model" time="0.117" /><testcase classname="tests.test_solver_assurance" name="test_ambient_pressure_cannot_exceed_chamber" time="0.001" /><testcase classname="tests.test_solver_assurance" name="test_expected_sweep_failures_do_not_hide_programming_errors" time="0.170" /><testcase classname="tests.test_solver_assurance" name="test_mechanism_load_failure_is_a_dependency_failure" time="0.001" /></testsuite></testsuites>