<?xml version="1.0" encoding="utf-8"?><testsuites name="pytest tests"><testsuite name="pytest" errors="0" failures="0" skipped="0" tests="312" time="171.546" timestamp="2026-09-09T12:03:18.211435+07:00" hostname="PC_Pc"><testcase classname="tests.test_api" name="test_root" time="0.023" /><testcase classname="tests.test_api" name="test_health" time="0.006" /><testcase classname="tests.test_api" name="test_health_diagnostics" time="0.115" /><testcase classname="tests.test_api" name="test_version" time="0.007" /><testcase classname="tests.test_api" name="test_mission_basic" time="0.008" /><testcase classname="tests.test_api" name="test_mission_json_compliance" time="0.008" /><testcase classname="tests.test_api" name="test_mission_inf_constraints_sanitised" time="0.007" /><testcase classname="tests.test_api" name="test_mission_invalid_ws_range" time="0.006" /><testcase classname="tests.test_api" name="test_mission_takeoff_constraint" time="0.005" /><testcase classname="tests.test_api" name="test_turbojet_basic" time="0.364" /><testcase classname="tests.test_api" name="test_turbojet_efficiency_metrics" time="0.372" /><testcase classname="tests.test_api" name="test_turbojet_json_compliance" time="0.369" /><testcase classname="tests.test_api" name="test_turbojet_sls_physics_benchmark" time="0.343" /><testcase classname="tests.test_api" name="test_turbojet_afterburner" time="0.382" /><testcase classname="tests.test_api" name="test_turbojet_invalid_prc" time="0.004" /><testcase classname="tests.test_api" name="test_turbojet_invalid_tit" time="0.004" /><testcase classname="tests.test_api" name="test_turbofan_separate_basic" time="0.568" /><testcase classname="tests.test_api" name="test_turbofan_efficiency_metrics_present" time="0.613" /><testcase classname="tests.test_api" name="test_turbofan_mixed_efficiency_metrics_present" time="0.668" /><testcase classname="tests.test_api" name="test_turbofan_json_compliance" time="0.593" /><testcase classname="tests.test_api" name="test_turbofan_cruise_tsfc_benchmark" time="0.598" /><testcase classname="tests.test_api" name="test_turbofan_nozzle_dp_frac_affects_output" time="1.155" /><testcase classname="tests.test_api" name="test_cycle_sweep_basic" time="3.769" /><testcase classname="tests.test_api" name="test_cycle_sweep_invalid_range" time="0.004" /><testcase classname="tests.test_api" name="test_sensitivity_t4_sweep" time="3.831" /><testcase classname="tests.test_api" name="test_sensitivity_invalid_sweep_type" time="0.005" /><testcase classname="tests.test_api" name="test_sensitivity_alt_sweep" time="3.067" /><testcase classname="tests.test_api" name="test_sensitivity_opr_sweep" time="3.213" /><testcase classname="tests.test_api" name="test_multispool_basic" time="1.353" /><testcase classname="tests.test_api" name="test_multispool_stations" time="1.411" /><testcase classname="tests.test_api" name="test_multispool_json_compliance" time="1.407" /><testcase classname="tests.test_api" name="test_offdesign_map_basic" time="0.510" /><testcase classname="tests.test_api" name="test_offdesign_throttle_basic" time="3.992" /><testcase classname="tests.test_api" name="test_offdesign_json_compliance" time="3.573" /><testcase classname="tests.test_api" name="test_rocket_analyze_basic" time="0.070" /><testcase classname="tests.test_api" name="test_rocket_h2o2_isp_benchmark" time="0.070" /><testcase classname="tests.test_api" name="test_rocket_shifting_gt_frozen_isp" time="1.195" /><testcase classname="tests.test_api" name="test_rocket_invalid_propellant" time="0.004" /><testcase classname="tests.test_api" name="test_rocket_invalid_mode" time="0.003" /><testcase classname="tests.test_api" name="test_rocket_json_compliance" time="0.168" /><testcase classname="tests.test_api" name="test_rocket_sweep_basic" time="3.991" /><testcase classname="tests.test_api" name="test_rocket_sweep_invalid_propellant" time="0.004" /><testcase classname="tests.test_api" name="test_rocket_altitude_basic" time="0.072" /><testcase classname="tests.test_api" name="test_rocket_altitude_invalid_propellant" time="0.004" /><testcase classname="tests.test_api" name="test_rocket_altitude_invalid_mode" time="0.004" /><testcase classname="tests.test_api" name="test_rocket_sizing_basic" time="0.072" /><testcase classname="tests.test_api" name="test_rocket_sizing_invalid_propellant" time="0.004" /><testcase classname="tests.test_api" name="test_rocket_sizing_invalid_mode" time="0.004" /><testcase classname="tests.test_api" name="test_rocket_moc_basic" time="0.108" /><testcase classname="tests.test_api" name="test_rocket_export_stl" time="0.106" /><testcase classname="tests.test_api" name="test_rocket_export_csv" time="0.099" /><testcase classname="tests.test_api" name="test_cycle_at_max_altitude" time="0.358" /><testcase classname="tests.test_api" name="test_cycle_at_zero_mach" time="0.373" /><testcase classname="tests.test_api" name="test_rocket_low_chamber_pressure" time="0.006" /><testcase classname="tests.test_api" name="test_rocket_of_at_extremes" time="0.108" /><testcase classname="tests.test_api" name="test_moc_low_mach_exit" time="0.139" /><testcase classname="tests.test_api" name="test_moc_high_mach_exit" time="0.111" /><testcase classname="tests.test_api" name="test_mission_ceiling_constraint" time="0.006" /><testcase classname="tests.test_api" name="test_mission_climb_constraint" time="0.005" /><testcase classname="tests.test_atmosphere_conventions" name="test_geometric_layer_transition_is_continuous[11000.0]" time="0.002" /><testcase classname="tests.test_atmosphere_conventions" name="test_geometric_layer_transition_is_continuous[20000.0]" time="0.001" /><testcase classname="tests.test_atmosphere_conventions" name="test_geometric_layer_transition_is_continuous[32000.0]" time="0.001" /><testcase classname="tests.test_atmosphere_conventions" name="test_default_geometric_differs_from_geopotential" time="0.000" /><testcase classname="tests.test_atmosphere_conventions" name="test_convention_keeps_explicit_upper_limit[geometric]" time="0.001" /><testcase classname="tests.test_atmosphere_conventions" name="test_convention_keeps_explicit_upper_limit[geopotential]" time="0.001" /><testcase classname="tests.test_atmosphere_conventions" name="test_unknown_convention_is_rejected" time="0.000" /><testcase classname="tests.test_core" name="test_isa_atmosphere_sea_level" time="0.000" /><testcase classname="tests.test_core" name="test_isa_atmosphere_10km" time="0.001" /><testcase classname="tests.test_core" name="test_isa_atmosphere_20km" time="0.000" /><testcase classname="tests.test_core" name="test_turbojet_sls" time="0.352" /><testcase classname="tests.test_core" name="test_turbojet_has_stations" time="0.349" /><testcase classname="tests.test_core" name="test_turbofan_sls" time="0.578" /><testcase classname="tests.test_core" name="test_turbofan_higher_bpr_lower_tsfc" time="1.109" /><testcase classname="tests.test_core" name="test_offdesign_throttle" time="4.383" /><testcase classname="tests.test_core" name="test_offdesign_map_has_speed_lines" time="0.359" /><testcase classname="tests.test_core" name="test_mission_constraint_diagram" time="0.002" /><testcase classname="tests.test_core" name="test_rocket_equilibrium" time="0.071" /><testcase classname="tests.test_core" name="test_rocket_altitude_performance" time="0.076" /><testcase classname="tests.test_core" name="test_rocket_of_sweep" time="1.418" /><testcase classname="tests.test_core" name="test_moc_contour_csv_format" time="0.166" /><testcase classname="tests.test_core" name="test_moc_contour_monotonic" time="0.045" /><testcase classname="tests.test_core" name="test_moc_exit_area_ratio_matches_isentropic" time="1.057" /><testcase classname="tests.test_core" name="test_moc_planar_height_ratio" time="0.619" /><testcase classname="tests.test_core" name="test_turbojet_high_altitude" time="0.340" /><testcase classname="tests.test_core" name="test_isa_altitude_boundary" time="0.000" /><testcase classname="tests.test_core" name="test_isa_upper_stratosphere_25km" time="0.000" /><testcase classname="tests.test_core" name="test_isa_stratopause_40km" time="0.000" /><testcase classname="tests.test_core" name="test_rocket_mdot_integrity" time="0.068" /><testcase classname="tests.test_core" name="test_turbofan_mixed_exhaust" time="0.638" /><testcase classname="tests.test_core" name="test_turbojet_prc_sweep_aggregation" time="2.774" /><testcase classname="tests.test_core" name="test_mission_zero_mach_rejected" time="0.000" /><testcase classname="tests.test_core" name="test_mission_low_dynamic_pressure_rejected" time="0.001" /><testcase classname="tests.test_core" name="test_mission_optimum_with_inf_constraints" time="0.002" /><testcase classname="tests.test_core" name="test_rocket_hypergolic_mmh_n2o4" time="0.043" /><testcase classname="tests.test_core" name="test_rocket_hypergolic_udmh_n2o4" time="0.045" /><testcase classname="tests.test_core" name="test_rocket_invalid_propellant_raises" time="0.001" /><testcase classname="tests.test_core" name="test_rocket_bartz_heat_flux_structure" time="0.066" /><testcase classname="tests.test_core" name="test_moc_stl_has_real_normals" time="0.196" /><testcase classname="tests.test_core" name="test_offdesign_error_point_has_detail" time="2.208" /><testcase classname="tests.test_core" name="test_csv_export_has_metadata_header" time="0.150" /><testcase classname="tests.test_core" name="test_stl_export_has_metadata_solid_name" time="0.106" /><testcase classname="tests.test_core" name="test_isa_exact_layer_boundaries" time="0.000" /><testcase classname="tests.test_core" name="test_rocket_h2o2_isp_vacuum_benchmark" time="0.065" /><testcase classname="tests.test_core" name="test_rocket_shifting_ge_frozen" time="1.161" /><testcase classname="tests.test_core" name="test_turbojet_sls_spec_thrust_range" time="0.334" /><testcase classname="tests.test_core" name="test_turbofan_fuel_ratio_physical_range" time="0.545" /><testcase classname="tests.test_core" name="test_turbofan_efficiency_metrics_present" time="1.224" /><testcase classname="tests.test_core" name="test_multispool_energy_closure" time="1.542" /><testcase classname="tests.test_core" name="test_isa_beyond_47km_rejected" time="0.001" /><testcase classname="tests.test_core" name="test_offdesign_turbine_pr_from_work_balance" time="5.533" /><testcase classname="tests.test_core" name="test_offdesign_sweep_throttle_invalid_points" time="0.350" /><testcase classname="tests.test_core" name="test_rocket_extreme_impurity" time="0.001" /><testcase classname="tests.test_cycle_energy_audit" name="test_audit_proxy_matches_current_property_helper[0.0]" time="0.090" /><testcase classname="tests.test_cycle_energy_audit" name="test_audit_proxy_matches_current_property_helper[0.02]" time="0.092" /><testcase classname="tests.test_cycle_energy_audit" name="test_audit_proxy_matches_current_property_helper[0.06]" time="0.093" /><testcase classname="tests.test_cycle_energy_audit" name="test_energy_audit_retains_measured_failure_and_power_terms" time="0.403" /><testcase classname="tests.test_diagnostic_uncertainty" name="test_pressure_loss_analytic_uncertainty" time="0.001" /><testcase classname="tests.test_diagnostic_uncertainty" name="test_correlated_scale_error_cancels_pressure_ratio" time="0.001" /><testcase classname="tests.test_diagnostic_uncertainty" name="test_invalid_covariance_rejected[bad0]" time="0.001" /><testcase classname="tests.test_diagnostic_uncertainty" name="test_invalid_covariance_rejected[bad1]" time="0.001" /><testcase classname="tests.test_diagnostic_uncertainty" name="test_invalid_covariance_rejected[bad2]" time="0.001" /><testcase classname="tests.test_diagnostic_uncertainty" name="test_non_psd_correlations_rejected" time="0.001" /><testcase classname="tests.test_diagnostics" name="test_diagnostics_nominal" time="0.006" /><testcase classname="tests.test_diagnostics" name="test_diagnostics_faults" time="0.004" /><testcase classname="tests.test_diagnostics" name="test_diagnostics_validation" time="0.136" /><testcase classname="tests.test_diagnostics" name="test_diagnostics_divide_by_zero_safety" time="0.005" /><testcase classname="tests.test_diagnostics" name="test_diagnostics_unphysical_sensor_readings" time="0.010" /><testcase classname="tests.test_ea06_interfaces" name="test_covariance_api_returns_measurement_scope" time="0.006" /><testcase classname="tests.test_ea06_interfaces" name="test_deck_cruise_api_and_domain" time="0.008" /><testcase classname="tests.test_engine_deck" name="test_bilinear_and_no_extrapolation" time="0.001" /><testcase classname="tests.test_engine_deck" name="test_constant_drag_exact_fuel" time="0.001" /><testcase classname="tests.test_engine_deck" name="test_thrust_deficit_fails" time="0.001" /><testcase classname="tests.test_error_handling" name="test_validation_errors_use_structured_422_envelope" time="0.005" /><testcase classname="tests.test_error_handling" name="test_request_id_is_preserved_when_client_supplies_a_safe_value" time="0.004" /><testcase classname="tests.test_error_handling" name="test_solver_failure_hides_exception_details" time="0.016" /><testcase classname="tests.test_error_handling" name="test_request_ids_are_unique_for_unlabelled_requests" time="0.009" /><testcase classname="tests.test_frozen_flow" name="test_argon_inlet_matches_constant_cp[0.0]" time="0.133" /><testcase classname="tests.test_frozen_flow" name="test_argon_inlet_matches_constant_cp[0.8]" time="0.125" /><testcase classname="tests.test_frozen_flow" name="test_argon_inlet_matches_constant_cp[3.0]" time="0.120" /><testcase classname="tests.test_frozen_flow" name="test_argon_nozzle_matches_constant_cp[100000.0]" time="0.156" /><testcase classname="tests.test_frozen_flow" name="test_argon_nozzle_matches_constant_cp[350000.0]" time="0.157" /><testcase classname="tests.test_frozen_flow" name="test_hot_mixture_choke_continuity_and_composition" time="3.282" /><testcase classname="tests.test_frozen_flow" name="test_pressure_loss_preserves_total_energy" time="0.252" /><testcase classname="tests.test_frozen_flow" name="test_invalid_nozzle_pressure[0.0]" time="0.041" /><testcase classname="tests.test_frozen_flow" name="test_invalid_nozzle_pressure[nan]" time="0.044" /><testcase classname="tests.test_frozen_flow" name="test_invalid_nozzle_pressure[400000.0]" time="0.165" /><testcase classname="tests.test_frozen_flow" name="test_invalid_nozzle_pressure[500000.0]" time="0.044" /><testcase classname="tests.test_frozen_flow" name="test_iteration_exhaustion_is_explicit" time="0.180" /><testcase classname="tests.test_gas_state" name="test_exact_fuel_air_mass_ratio[0.0]" time="0.218" /><testcase classname="tests.test_gas_state" name="test_exact_fuel_air_mass_ratio[0.02]" time="0.102" /><testcase classname="tests.test_gas_state" name="test_exact_fuel_air_mass_ratio[0.06]" time="0.084" /><testcase classname="tests.test_gas_state" name="test_exact_fuel_air_mass_ratio[0.1]" time="0.082" /><testcase classname="tests.test_gas_state" name="test_mass_scale_and_analytical_element_conservation" time="0.081" /><testcase classname="tests.test_gas_state" name="test_frozen_inversions_preserve_composition_elements_and_source" time="0.207" /><testcase classname="tests.test_gas_state" name="test_parallel_calls_cannot_mutate_other_states" time="0.243" /><testcase classname="tests.test_gas_state" name="test_invalid_species_masses_fail[masses0]" time="0.001" /><testcase classname="tests.test_gas_state" name="test_invalid_species_masses_fail[masses1]" time="0.001" /><testcase classname="tests.test_gas_state" name="test_invalid_species_masses_fail[masses2]" time="0.001" /><testcase classname="tests.test_gas_state" name="test_invalid_species_masses_fail[masses3]" time="0.041" /><testcase classname="tests.test_gas_state" name="test_invalid_species_masses_fail[masses4]" time="0.001" /><testcase classname="tests.test_gas_state" name="test_ambiguous_inversion_fails" time="0.083" /><testcase classname="tests.test_map_contract" name="test_corrected_flow_and_speed_reference" time="0.001" /><testcase classname="tests.test_map_contract" name="test_rectangular_map_interpolation_and_no_extrapolation" time="0.001" /><testcase classname="tests.test_methane_api" name="test_methane_model_result_and_evidence" time="1.407" /><testcase classname="tests.test_methane_api" name="test_model_selection_and_legacy_fields_rejected[body0]" time="0.004" /><testcase classname="tests.test_methane_api" name="test_model_selection_and_legacy_fields_rejected[body1]" time="0.064" /><testcase classname="tests.test_methane_api" name="test_model_selection_and_legacy_fields_rejected[body2]" time="0.004" /><testcase classname="tests.test_methane_api" name="test_model_selection_and_legacy_fields_rejected[body3]" time="0.004" /><testcase classname="tests.test_methane_api" name="test_legacy_ramjet_route_still_uses_legacy_solver" time="0.205" /><testcase classname="tests.test_methane_cycle" name="test_burner_energy_elements_and_reaction" time="0.169" /><testcase classname="tests.test_methane_cycle" name="test_explicit_heat_loss_requires_more_fuel" time="0.252" /><testcase classname="tests.test_methane_cycle" name="test_unattainable_target_fails[600]" time="0.090" /><testcase classname="tests.test_methane_cycle" name="test_unattainable_target_fails[5000]" time="0.172" /><testcase classname="tests.test_methane_cycle" name="test_exhausted_fuel_root_fails" time="0.166" /><testcase classname="tests.test_methane_cycle" name="test_ramjet_mass_momentum_and_frozen_products" time="1.364" /><testcase classname="tests.test_methane_cycle" name="test_bad_loss_rejected" time="0.001" /><testcase classname="tests.test_methane_turbojet" name="test_turbojet_shaft_and_mass_close[0.0]" time="3.041" /><testcase classname="tests.test_methane_turbojet" name="test_turbojet_shaft_and_mass_close[0.8]" time="3.243" /><testcase classname="tests.test_methane_turbojet" name="test_infeasible_work_fails" time="0.422" /><testcase classname="tests.test_methane_turbojet" name="test_turbojet_api_and_wrong_architecture" time="3.541" /><testcase classname="tests.test_methane_turbojet" name="test_afterburner_mass_fuel_and_energy_basis" time="3.501" /><testcase classname="tests.test_methane_turbojet" name="test_disabled_afterburner_does_not_apply_pressure_loss" time="6.081" /><testcase classname="tests.test_methane_turbojet" name="test_afterburner_invalid_target_and_api" time="5.702" /><testcase classname="tests.test_mission_assurance" name="test_takeoff_work_energy_identity" time="0.001" /><testcase classname="tests.test_mission_assurance" name="test_breguet_mass_and_weight_sfc_agree" time="0.001" /><testcase classname="tests.test_mission_assurance" name="test_breguet_invalid_core_input[inputs0]" time="0.001" /><testcase classname="tests.test_mission_assurance" name="test_breguet_invalid_core_input[inputs1]" time="0.001" /><testcase classname="tests.test_mission_assurance" name="test_breguet_invalid_core_input[inputs2]" time="0.001" /><testcase classname="tests.test_mission_assurance" name="test_breguet_invalid_core_input[inputs3]" time="0.001" /><testcase classname="tests.test_mission_assurance" name="test_breguet_rejects_ambiguous_and_unknown_api_fields" time="0.007" /><testcase classname="tests.test_mission_assurance" name="test_failed_constraint_never_becomes_optimum" time="0.001" /><testcase classname="tests.test_mission_assurance" name="test_unknown_constraint_is_explicit_failure" time="0.001" /><testcase classname="tests.test_mission_assurance" name="test_takeoff_density_and_ceiling_rate_reach_core" time="0.001" /><testcase classname="tests.test_mission_assurance" name="test_diagnostic_efficiency_inverse_identity" time="0.000" /><testcase classname="tests.test_mission_assurance" name="test_diagnostic_nonfinite_or_invalid_scalars[changes0]" time="0.001" /><testcase classname="tests.test_mission_assurance" name="test_diagnostic_nonfinite_or_invalid_scalars[changes1]" time="0.001" /><testcase classname="tests.test_mission_assurance" name="test_diagnostic_nonfinite_or_invalid_scalars[changes2]" time="0.001" /><testcase classname="tests.test_mission_assurance" name="test_contradictory_telemetry_has_no_fault_verdict[changes0]" time="0.004" /><testcase classname="tests.test_mission_assurance" name="test_contradictory_telemetry_has_no_fault_verdict[changes1]" time="0.004" /><testcase classname="tests.test_mission_assurance" name="test_contradictory_telemetry_has_no_fault_verdict[changes2]" time="0.003" /><testcase classname="tests.test_mission_assurance" name="test_contradictory_telemetry_has_no_fault_verdict[changes3]" time="0.004" /><testcase classname="tests.test_mixing_reheat" name="test_argon_mixing_matches_analytic_temperature" time="0.168" /><testcase classname="tests.test_mixing_reheat" name="test_mixed_products_then_reheat_conserve_streams" time="0.417" /><testcase classname="tests.test_mixing_reheat" name="test_no_oxygen_for_reheat_fails" time="0.127" /><testcase classname="tests.test_mixing_reheat" name="test_invalid_flow_fails[0]" time="0.042" /><testcase classname="tests.test_mixing_reheat" name="test_invalid_flow_fails[-1]" time="0.044" /><testcase classname="tests.test_mixing_reheat" name="test_invalid_flow_fails[nan]" time="0.041" /><testcase classname="tests.test_mixing_reheat" name="test_mixer_pressure_gain_fails" time="0.042" /><testcase classname="tests.test_multispool" name="test_multispool_returns_expected_keys" time="1.365" /><testcase classname="tests.test_multispool" name="test_multispool_positive_performance" time="1.373" /><testcase classname="tests.test_multispool" name="test_multispool_stations_populated" time="1.364" /><testcase classname="tests.test_multispool" name="test_multispool_temperature_progression" time="1.350" /><testcase classname="tests.test_multispool" name="test_multispool_efficiencies_valid" time="1.366" /><testcase classname="tests.test_multispool" name="test_multispool_higher_tit_higher_thrust" time="3.005" /><testcase classname="tests.test_multispool" name="test_multispool_math_trace_populated" time="1.348" /><testcase classname="tests.test_multispool" name="test_multispool_high_alt_cruise" time="1.405" /><testcase classname="tests.test_multispool" name="test_multispool_nozzle_dp_frac_reduces_thrust" time="2.760" /><testcase classname="tests.test_multispool" name="test_turbofan_nozzle_dp_frac_reduces_thrust" time="1.100" /><testcase classname="tests.test_multispool" name="test_multispool_zero_bypass_ratio" time="1.725" /><testcase classname="tests.test_multispool" name="test_multispool_max_bypass_ratio" time="1.366" /><testcase classname="tests.test_multispool" name="test_multispool_extreme_pressure_ratios" time="1.348" /><testcase classname="tests.test_presets_and_extensions" name="test_presets_endpoint" time="0.005" /><testcase classname="tests.test_presets_and_extensions" name="test_ramjet_solver" time="0.212" /><testcase classname="tests.test_presets_and_extensions" name="test_ramjet_endpoint" time="0.209" /><testcase classname="tests.test_presets_and_extensions" name="test_breguet_range_calculator" time="0.000" /><testcase classname="tests.test_presets_and_extensions" name="test_breguet_endpoint" time="0.004" /><testcase classname="tests.test_presets_and_extensions" name="test_moc_obj_export" time="0.226" /><testcase classname="tests.test_presets_and_extensions" name="test_moc_obj_endpoint" time="0.096" /><testcase classname="tests.test_reference_validation" name="test_independent_matched_reference[ATM-H-0]" time="0.001" /><testcase classname="tests.test_reference_validation" name="test_independent_matched_reference[ATM-H-10000]" time="0.001" /><testcase classname="tests.test_reference_validation" name="test_independent_matched_reference[ATM-H-30000]" time="0.001" /><testcase classname="tests.test_reference_validation" name="test_independent_matched_reference[ATM-Z-10000]" time="0.001" /><testcase classname="tests.test_reference_validation" name="test_independent_matched_reference[ATM-Z-30000]" time="0.000" /><testcase classname="tests.test_reference_validation" name="test_independent_matched_reference[PM-1.5]" time="0.001" /><testcase classname="tests.test_reference_validation" name="test_independent_matched_reference[MOC-AREA-1.5]" time="0.219" /><testcase classname="tests.test_reference_validation" name="test_independent_matched_reference[PM-2.0]" time="0.001" /><testcase classname="tests.test_reference_validation" name="test_independent_matched_reference[MOC-AREA-2.0]" time="0.217" /><testcase classname="tests.test_reference_validation" name="test_comparison_preserves_difference" time="0.001" /><testcase classname="tests.test_reference_validation" name="test_comparison_preserves_nonfinite_failure" time="0.000" /><testcase classname="tests.test_reference_validation" name="test_incompatible_reference_never_runs_solver" time="0.000" /><testcase classname="tests.test_reference_validation" name="test_registries_resolve_all_models_equations_and_sources" time="0.018" /><testcase classname="tests.test_reference_validation" name="test_reference_success_does_not_promote_validation" time="1.612" /><testcase classname="tests.test_reference_validation" name="test_empty_reference_cannot_pass" time="0.000" /><testcase classname="tests.test_research_turbofan" name="test_research_architecture_balances[methane_turbofan_research]" time="6.069" /><testcase classname="tests.test_research_turbofan" name="test_research_architecture_balances[methane_mixed_turbofan_research]" time="4.956" /><testcase classname="tests.test_research_turbofan" name="test_research_architecture_balances[methane_multispool_research]" time="7.982" /><testcase classname="tests.test_research_turbofan" name="test_mixed_reheat_and_api" time="5.165" /><testcase classname="tests.test_research_turbofan" name="test_separate_reheat_rejected" time="0.006" /><testcase classname="tests.test_rocket_reactants" name="test_requested_mass_ratio_enters_chemistry[H2/O2-6.0]" time="0.113" /><testcase classname="tests.test_rocket_reactants" name="test_requested_mass_ratio_enters_chemistry[CH4/O2-3.5]" time="0.128" /><testcase classname="tests.test_rocket_reactants" name="test_requested_mass_ratio_enters_chemistry[RP1/O2-2.5]" time="0.127" /><testcase classname="tests.test_rocket_reactants" name="test_requested_mass_ratio_enters_chemistry[CH4/N2O-9.0]" time="0.115" /><testcase classname="tests.test_rocket_reactants" name="test_impurity_uses_fuel_stream_mass_and_adds_overlapping_species[N2]" time="0.071" /><testcase classname="tests.test_rocket_reactants" name="test_impurity_uses_fuel_stream_mass_and_adds_overlapping_species[H2]" time="0.067" /><testcase classname="tests.test_rocket_reactants" name="test_impurity_uses_fuel_stream_mass_and_adds_overlapping_species[O2]" time="0.073" /><testcase classname="tests.test_rocket_reactants" name="test_nonzero_impurity_requires_species" time="0.044" /><testcase classname="tests.test_rocket_throat" name="test_throat_mass_and_exit_area_close[frozen]" time="1.077" /><testcase classname="tests.test_rocket_throat" name="test_throat_mass_and_exit_area_close[shifting]" time="0.066" /><testcase classname="tests.test_shaft_stages" name="test_argon_compressor_analytic[1.0]" time="0.128" /><testcase classname="tests.test_shaft_stages" name="test_argon_compressor_analytic[0.85]" time="0.129" /><testcase classname="tests.test_shaft_stages" name="test_argon_turbine_analytic[1.0]" time="0.129" /><testcase classname="tests.test_shaft_stages" name="test_argon_turbine_analytic[0.85]" time="0.134" /><testcase classname="tests.test_shaft_stages" name="test_two_shafts_close_with_product_mass_and_mechanical_loss" time="4.081" /><testcase classname="tests.test_shaft_stages" name="test_zero_shaft_demand_preserves_state" time="0.043" /><testcase classname="tests.test_shaft_stages" name="test_unavailable_work_and_exhaustion_fail" time="0.289" /><testcase classname="tests.test_shaft_stages" name="test_invalid_efficiencies_fail[0]" time="0.041" /><testcase classname="tests.test_shaft_stages" name="test_invalid_efficiencies_fail[1.1]" time="0.042" /><testcase classname="tests.test_shaft_stages" name="test_invalid_efficiencies_fail[nan]" time="0.041" /><testcase classname="tests.test_solver_assurance" name="test_no_expansion_is_explicit[90000]" time="0.001" /><testcase classname="tests.test_solver_assurance" name="test_no_expansion_is_explicit[101325]" time="0.001" /><testcase classname="tests.test_solver_assurance" name="test_nozzle_choke_identity" time="0.001" /><testcase classname="tests.test_solver_assurance" name="test_turbine_efficiency_from_temperature_ratios" time="0.000" /><testcase classname="tests.test_solver_assurance" name="test_core_rejects_architecture[solve_multispool-args0]" time="0.250" /><testcase classname="tests.test_solver_assurance" name="test_core_rejects_architecture[solve_turbofan-args1]" time="0.245" /><testcase classname="tests.test_solver_assurance" name="test_core_allows_unity_hpc" time="1.154" /><testcase classname="tests.test_solver_assurance" name="test_active_heat_addition_cannot_cool[solve_turbojet-args0]" time="0.167" /><testcase classname="tests.test_solver_assurance" name="test_active_heat_addition_cannot_cool[solve_turbofan-args1]" time="0.336" /><testcase classname="tests.test_solver_assurance" name="test_active_heat_addition_cannot_cool[solve_multispool-args2]" time="0.343" /><testcase classname="tests.test_solver_assurance" name="test_active_heat_addition_cannot_cool[solve_turbojet-args3]" time="0.297" /><testcase classname="tests.test_solver_assurance" name="test_active_heat_addition_cannot_cool[solve_turbofan-args4]" time="0.599" /><testcase classname="tests.test_solver_assurance" name="test_multispool_final_work_residuals" time="1.488" /><testcase classname="tests.test_solver_assurance" name="test_iteration_exhaustion_is_not_success" time="1.436" /><testcase classname="tests.test_solver_assurance" name="test_unknown_validation_is_not_true" time="0.000" /><testcase classname="tests.test_solver_assurance" name="test_negative_thrust_has_no_tsfc" time="0.001" /><testcase classname="tests.test_solver_assurance" name="test_nonfinite_output_is_not_silent" time="0.000" /><testcase classname="tests.test_solver_assurance" name="test_api_domain_error_and_correlation" time="0.479" /><testcase classname="tests.test_solver_assurance" name="test_sweep_retains_every_requested_point" time="1.449" /><testcase classname="tests.test_solver_assurance" name="test_typed_failures_reach_gateway[failure0-409-NUMERICAL_FAILURE]" time="0.087" /><testcase classname="tests.test_solver_assurance" name="test_typed_failures_reach_gateway[failure1-503-DEPENDENCY_FAILURE]" time="0.148" /><testcase classname="tests.test_solver_assurance" name="test_atmosphere_rejects_extrapolation[-1]" time="0.001" /><testcase classname="tests.test_solver_assurance" name="test_atmosphere_rejects_extrapolation[47000.1]" time="0.001" /><testcase classname="tests.test_solver_assurance" name="test_atmosphere_rejects_extrapolation[100000]" time="0.001" /><testcase classname="tests.test_solver_assurance" name="test_atmosphere_rejects_extrapolation[nan]" time="0.000" /><testcase classname="tests.test_solver_assurance" name="test_rocket_ambient_changes_only_pressure_thrust" time="0.125" /><testcase classname="tests.test_solver_assurance" name="test_fixed_geometry_altitude_and_invalid_point" time="0.064" /><testcase classname="tests.test_solver_assurance" name="test_expansion_regime[100000-0-Underexpanded]" time="0.001" /><testcase classname="tests.test_solver_assurance" name="test_expansion_regime[100000-100000-Ideally Expanded]" time="0.001" /><testcase classname="tests.test_solver_assurance" name="test_expansion_regime[80000-100000-Overexpanded]" time="0.001" /><testcase classname="tests.test_solver_assurance" name="test_expansion_regime[30000-100000-Separation Warning]" time="0.001" /><testcase classname="tests.test_solver_assurance" name="test_rocket_pressure_contract[0-0]" time="0.001" /><testcase classname="tests.test_solver_assurance" name="test_rocket_pressure_contract[7500000.0-0]" time="0.001" /><testcase classname="tests.test_solver_assurance" name="test_rocket_pressure_contract[-1-0]" time="0.001" /><testcase classname="tests.test_solver_assurance" name="test_rocket_pressure_contract[101325--1]" time="0.001" /><testcase classname="tests.test_solver_assurance" name="test_map_anchor_and_surge_boundary" time="0.319" /><testcase classname="tests.test_solver_assurance" name="test_offdesign_si_and_failure_rows" time="1.493" /><testcase classname="tests.test_solver_assurance" name="test_map_never_clips_outside_speed" time="0.001" /><testcase classname="tests.test_solver_assurance" name="test_pressure_work_is_included_in_energy_flux" time="0.001" /><testcase classname="tests.test_solver_assurance" name="test_api_rejects_nonfinite_inputs_with_json_envelope" time="0.005" /><testcase classname="tests.test_solver_assurance" name="test_api_rejects_altitude_beyond_supported_model" time="0.004" /><testcase classname="tests.test_solver_assurance" name="test_ambient_pressure_cannot_exceed_chamber" time="0.001" /><testcase classname="tests.test_solver_assurance" name="test_expected_sweep_failures_do_not_hide_programming_errors" time="0.098" /><testcase classname="tests.test_solver_assurance" name="test_mechanism_load_failure_is_a_dependency_failure" time="0.001" /></testsuite></testsuites>