<?xml version="1.0" encoding="utf-8"?><testsuites name="pytest tests"><testsuite name="pytest" errors="0" failures="0" skipped="0" tests="326" time="359.178" timestamp="2026-09-14T14:42:38.354525+07:00" hostname="PC_Pc"><testcase classname="tests.test_api" name="test_root" time="0.017" /><testcase classname="tests.test_api" name="test_health" time="0.007" /><testcase classname="tests.test_api" name="test_health_diagnostics" time="0.094" /><testcase classname="tests.test_api" name="test_version" time="0.003" /><testcase classname="tests.test_api" name="test_mission_basic" time="0.003" /><testcase classname="tests.test_api" name="test_mission_json_compliance" time="0.003" /><testcase classname="tests.test_api" name="test_mission_inf_constraints_sanitised" time="0.004" /><testcase classname="tests.test_api" name="test_mission_invalid_ws_range" time="0.002" /><testcase classname="tests.test_api" name="test_mission_takeoff_constraint" time="0.002" /><testcase classname="tests.test_api" name="test_turbojet_basic" time="0.305" /><testcase classname="tests.test_api" name="test_turbojet_efficiency_metrics" time="0.304" /><testcase classname="tests.test_api" name="test_turbojet_json_compliance" time="0.304" /><testcase classname="tests.test_api" name="test_turbojet_sls_physics_benchmark" time="0.307" /><testcase classname="tests.test_api" name="test_turbojet_afterburner" time="0.394" /><testcase classname="tests.test_api" name="test_turbojet_invalid_prc" time="0.003" /><testcase classname="tests.test_api" name="test_turbojet_invalid_tit" time="0.002" /><testcase classname="tests.test_api" name="test_turbofan_separate_basic" time="0.559" /><testcase classname="tests.test_api" name="test_turbofan_efficiency_metrics_present" time="1.467" /><testcase classname="tests.test_api" name="test_turbofan_mixed_efficiency_metrics_present" time="1.352" /><testcase classname="tests.test_api" name="test_turbofan_json_compliance" time="1.141" /><testcase classname="tests.test_api" name="test_turbofan_cruise_tsfc_benchmark" time="1.277" /><testcase classname="tests.test_api" name="test_turbofan_nozzle_dp_frac_affects_output" time="2.332" /><testcase classname="tests.test_api" name="test_cycle_sweep_basic" time="8.031" /><testcase classname="tests.test_api" name="test_cycle_sweep_invalid_range" time="0.004" /><testcase classname="tests.test_api" name="test_sensitivity_t4_sweep" time="7.660" /><testcase classname="tests.test_api" name="test_sensitivity_invalid_sweep_type" time="0.004" /><testcase classname="tests.test_api" name="test_sensitivity_alt_sweep" time="6.538" /><testcase classname="tests.test_api" name="test_sensitivity_opr_sweep" time="6.021" /><testcase classname="tests.test_api" name="test_multispool_basic" time="2.886" /><testcase classname="tests.test_api" name="test_multispool_stations" time="3.166" /><testcase classname="tests.test_api" name="test_multispool_json_compliance" time="2.928" /><testcase classname="tests.test_api" name="test_offdesign_map_basic" time="0.674" /><testcase classname="tests.test_api" name="test_offdesign_throttle_basic" time="8.722" /><testcase classname="tests.test_api" name="test_offdesign_json_compliance" time="7.081" /><testcase classname="tests.test_api" name="test_rocket_analyze_basic" time="0.173" /><testcase classname="tests.test_api" name="test_rocket_h2o2_isp_benchmark" time="0.095" /><testcase classname="tests.test_api" name="test_rocket_shifting_gt_frozen_isp" time="2.665" /><testcase classname="tests.test_api" name="test_rocket_invalid_propellant" time="0.005" /><testcase classname="tests.test_api" name="test_rocket_invalid_mode" time="0.004" /><testcase classname="tests.test_api" name="test_rocket_json_compliance" time="0.095" /><testcase classname="tests.test_api" name="test_rocket_sweep_basic" time="5.516" /><testcase classname="tests.test_api" name="test_rocket_sweep_invalid_propellant" time="0.005" /><testcase classname="tests.test_api" name="test_rocket_altitude_basic" time="0.094" /><testcase classname="tests.test_api" name="test_rocket_altitude_invalid_propellant" time="0.004" /><testcase classname="tests.test_api" name="test_rocket_altitude_invalid_mode" time="0.003" /><testcase classname="tests.test_api" name="test_rocket_sizing_basic" time="0.100" /><testcase classname="tests.test_api" name="test_rocket_sizing_invalid_propellant" time="0.005" /><testcase classname="tests.test_api" name="test_rocket_sizing_invalid_mode" time="0.005" /><testcase classname="tests.test_api" name="test_rocket_moc_basic" time="0.103" /><testcase classname="tests.test_api" name="test_rocket_export_stl" time="0.083" /><testcase classname="tests.test_api" name="test_rocket_export_csv" time="0.067" /><testcase classname="tests.test_api" name="test_cycle_at_max_altitude" time="0.690" /><testcase classname="tests.test_api" name="test_cycle_at_zero_mach" time="0.692" /><testcase classname="tests.test_api" name="test_rocket_low_chamber_pressure" time="0.004" /><testcase classname="tests.test_api" name="test_rocket_of_at_extremes" time="0.193" /><testcase classname="tests.test_api" name="test_moc_low_mach_exit" time="0.101" /><testcase classname="tests.test_api" name="test_moc_high_mach_exit" time="0.100" /><testcase classname="tests.test_api" name="test_mission_ceiling_constraint" time="0.005" /><testcase classname="tests.test_api" name="test_mission_climb_constraint" time="0.004" /><testcase classname="tests.test_atmosphere_conventions" name="test_geometric_layer_transition_is_continuous[11000.0]" time="0.001" /><testcase classname="tests.test_atmosphere_conventions" name="test_geometric_layer_transition_is_continuous[20000.0]" time="0.001" /><testcase classname="tests.test_atmosphere_conventions" name="test_geometric_layer_transition_is_continuous[32000.0]" time="0.001" /><testcase classname="tests.test_atmosphere_conventions" name="test_default_geometric_differs_from_geopotential" time="0.001" /><testcase classname="tests.test_atmosphere_conventions" name="test_convention_keeps_explicit_upper_limit[geometric]" time="0.001" /><testcase classname="tests.test_atmosphere_conventions" name="test_convention_keeps_explicit_upper_limit[geopotential]" time="0.001" /><testcase classname="tests.test_atmosphere_conventions" name="test_unknown_convention_is_rejected" time="0.001" /><testcase classname="tests.test_core" name="test_isa_atmosphere_sea_level" time="0.000" /><testcase classname="tests.test_core" name="test_isa_atmosphere_10km" time="0.000" /><testcase classname="tests.test_core" name="test_isa_atmosphere_20km" time="0.000" /><testcase classname="tests.test_core" name="test_turbojet_sls" time="0.698" /><testcase classname="tests.test_core" name="test_turbojet_has_stations" time="0.703" /><testcase classname="tests.test_core" name="test_turbofan_sls" time="1.136" /><testcase classname="tests.test_core" name="test_turbofan_higher_bpr_lower_tsfc" time="2.257" /><testcase classname="tests.test_core" name="test_offdesign_throttle" time="10.793" /><testcase classname="tests.test_core" name="test_offdesign_map_has_speed_lines" time="0.804" /><testcase classname="tests.test_core" name="test_mission_constraint_diagram" time="0.001" /><testcase classname="tests.test_core" name="test_rocket_equilibrium" time="0.088" /><testcase classname="tests.test_core" name="test_rocket_altitude_performance" time="0.086" /><testcase classname="tests.test_core" name="test_rocket_of_sweep" time="2.281" /><testcase classname="tests.test_core" name="test_moc_contour_csv_format" time="0.067" /><testcase classname="tests.test_core" name="test_moc_contour_monotonic" time="0.040" /><testcase classname="tests.test_core" name="test_moc_exit_area_ratio_matches_isentropic" time="0.934" /><testcase classname="tests.test_core" name="test_moc_planar_height_ratio" time="0.404" /><testcase classname="tests.test_core" name="test_turbojet_high_altitude" time="0.713" /><testcase classname="tests.test_core" name="test_isa_altitude_boundary" time="0.001" /><testcase classname="tests.test_core" name="test_isa_upper_stratosphere_25km" time="0.000" /><testcase classname="tests.test_core" name="test_isa_stratopause_40km" time="0.000" /><testcase classname="tests.test_core" name="test_rocket_mdot_integrity" time="0.091" /><testcase classname="tests.test_core" name="test_turbofan_mixed_exhaust" time="1.458" /><testcase classname="tests.test_core" name="test_turbojet_prc_sweep_aggregation" time="5.669" /><testcase classname="tests.test_core" name="test_mission_zero_mach_rejected" time="0.001" /><testcase classname="tests.test_core" name="test_mission_low_dynamic_pressure_rejected" time="0.000" /><testcase classname="tests.test_core" name="test_mission_optimum_with_inf_constraints" time="0.001" /><testcase classname="tests.test_core" name="test_rocket_hypergolic_mmh_n2o4" time="0.102" /><testcase classname="tests.test_core" name="test_rocket_hypergolic_udmh_n2o4" time="0.091" /><testcase classname="tests.test_core" name="test_rocket_invalid_propellant_raises" time="0.001" /><testcase classname="tests.test_core" name="test_rocket_bartz_heat_flux_structure" time="0.100" /><testcase classname="tests.test_core" name="test_moc_stl_has_real_normals" time="0.259" /><testcase classname="tests.test_core" name="test_offdesign_error_point_has_detail" time="4.509" /><testcase classname="tests.test_core" name="test_csv_export_has_metadata_header" time="0.176" /><testcase classname="tests.test_core" name="test_stl_export_has_metadata_solid_name" time="0.078" /><testcase classname="tests.test_core" name="test_isa_exact_layer_boundaries" time="0.001" /><testcase classname="tests.test_core" name="test_rocket_h2o2_isp_vacuum_benchmark" time="0.083" /><testcase classname="tests.test_core" name="test_rocket_shifting_ge_frozen" time="2.265" /><testcase classname="tests.test_core" name="test_turbojet_sls_spec_thrust_range" time="0.807" /><testcase classname="tests.test_core" name="test_turbofan_fuel_ratio_physical_range" time="1.538" /><testcase classname="tests.test_core" name="test_turbofan_efficiency_metrics_present" time="3.117" /><testcase classname="tests.test_core" name="test_multispool_energy_closure" time="3.579" /><testcase classname="tests.test_core" name="test_isa_beyond_47km_rejected" time="0.001" /><testcase classname="tests.test_core" name="test_offdesign_turbine_pr_from_work_balance" time="14.230" /><testcase classname="tests.test_core" name="test_offdesign_sweep_throttle_invalid_points" time="0.709" /><testcase classname="tests.test_core" name="test_rocket_extreme_impurity" time="0.001" /><testcase classname="tests.test_cycle_energy_audit" name="test_audit_proxy_matches_current_property_helper[0.0]" time="0.173" /><testcase classname="tests.test_cycle_energy_audit" name="test_audit_proxy_matches_current_property_helper[0.02]" time="0.184" /><testcase classname="tests.test_cycle_energy_audit" name="test_audit_proxy_matches_current_property_helper[0.06]" time="0.193" /><testcase classname="tests.test_cycle_energy_audit" name="test_energy_audit_retains_measured_failure_and_power_terms" time="0.727" /><testcase classname="tests.test_diagnostic_uncertainty" name="test_pressure_loss_analytic_uncertainty" time="0.004" /><testcase classname="tests.test_diagnostic_uncertainty" name="test_correlated_scale_error_cancels_pressure_ratio" time="0.001" /><testcase classname="tests.test_diagnostic_uncertainty" name="test_invalid_covariance_rejected[bad0]" time="0.000" /><testcase classname="tests.test_diagnostic_uncertainty" name="test_invalid_covariance_rejected[bad1]" time="0.000" /><testcase classname="tests.test_diagnostic_uncertainty" name="test_invalid_covariance_rejected[bad2]" time="0.000" /><testcase classname="tests.test_diagnostic_uncertainty" name="test_non_psd_correlations_rejected" time="0.000" /><testcase classname="tests.test_diagnostics" name="test_diagnostics_nominal" time="0.003" /><testcase classname="tests.test_diagnostics" name="test_diagnostics_faults" time="0.002" /><testcase classname="tests.test_diagnostics" name="test_diagnostics_validation" time="0.017" /><testcase classname="tests.test_diagnostics" name="test_diagnostics_divide_by_zero_safety" time="0.159" /><testcase classname="tests.test_diagnostics" name="test_diagnostics_unphysical_sensor_readings" time="0.011" /><testcase classname="tests.test_ea06_interfaces" name="test_covariance_api_returns_measurement_scope" time="0.005" /><testcase classname="tests.test_ea06_interfaces" name="test_deck_cruise_api_and_domain" time="0.007" /><testcase classname="tests.test_engine_deck" name="test_bilinear_and_no_extrapolation" time="0.001" /><testcase classname="tests.test_engine_deck" name="test_constant_drag_exact_fuel" time="0.001" /><testcase classname="tests.test_engine_deck" name="test_thrust_deficit_fails" time="0.001" /><testcase classname="tests.test_error_handling" name="test_validation_errors_use_structured_422_envelope" time="0.004" /><testcase classname="tests.test_error_handling" name="test_request_id_is_preserved_when_client_supplies_a_safe_value" time="0.003" /><testcase classname="tests.test_error_handling" name="test_solver_failure_hides_exception_details" time="0.010" /><testcase classname="tests.test_error_handling" name="test_request_ids_are_unique_for_unlabelled_requests" time="0.004" /><testcase classname="tests.test_frozen_flow" name="test_argon_inlet_matches_constant_cp[0.0]" time="0.231" /><testcase classname="tests.test_frozen_flow" name="test_argon_inlet_matches_constant_cp[0.8]" time="0.274" /><testcase classname="tests.test_frozen_flow" name="test_argon_inlet_matches_constant_cp[3.0]" time="0.258" /><testcase classname="tests.test_frozen_flow" name="test_argon_nozzle_matches_constant_cp[100000.0]" time="0.355" /><testcase classname="tests.test_frozen_flow" name="test_argon_nozzle_matches_constant_cp[350000.0]" time="0.343" /><testcase classname="tests.test_frozen_flow" name="test_hot_mixture_choke_continuity_and_composition" time="7.190" /><testcase classname="tests.test_frozen_flow" name="test_pressure_loss_preserves_total_energy" time="0.513" /><testcase classname="tests.test_frozen_flow" name="test_invalid_nozzle_pressure[0.0]" time="0.080" /><testcase classname="tests.test_frozen_flow" name="test_invalid_nozzle_pressure[nan]" time="0.088" /><testcase classname="tests.test_frozen_flow" name="test_invalid_nozzle_pressure[400000.0]" time="0.329" /><testcase classname="tests.test_frozen_flow" name="test_invalid_nozzle_pressure[500000.0]" time="0.088" /><testcase classname="tests.test_frozen_flow" name="test_iteration_exhaustion_is_explicit" time="0.367" /><testcase classname="tests.test_gas_state" name="test_exact_fuel_air_mass_ratio[0.0]" time="0.182" /><testcase classname="tests.test_gas_state" name="test_exact_fuel_air_mass_ratio[0.02]" time="0.174" /><testcase classname="tests.test_gas_state" name="test_exact_fuel_air_mass_ratio[0.06]" time="0.176" /><testcase classname="tests.test_gas_state" name="test_exact_fuel_air_mass_ratio[0.1]" time="0.174" /><testcase classname="tests.test_gas_state" name="test_mass_scale_and_analytical_element_conservation" time="0.186" /><testcase classname="tests.test_gas_state" name="test_frozen_inversions_preserve_composition_elements_and_source" time="0.779" /><testcase classname="tests.test_gas_state" name="test_parallel_calls_cannot_mutate_other_states" time="0.498" /><testcase classname="tests.test_gas_state" name="test_invalid_species_masses_fail[masses0]" time="0.001" /><testcase classname="tests.test_gas_state" name="test_invalid_species_masses_fail[masses1]" time="0.001" /><testcase classname="tests.test_gas_state" name="test_invalid_species_masses_fail[masses2]" time="0.001" /><testcase classname="tests.test_gas_state" name="test_invalid_species_masses_fail[masses3]" time="0.084" /><testcase classname="tests.test_gas_state" name="test_invalid_species_masses_fail[masses4]" time="0.001" /><testcase classname="tests.test_gas_state" name="test_ambiguous_inversion_fails" time="0.172" /><testcase classname="tests.test_map_contract" name="test_corrected_flow_and_speed_reference" time="0.001" /><testcase classname="tests.test_map_contract" name="test_rectangular_map_interpolation_and_no_extrapolation" time="0.001" /><testcase classname="tests.test_methane_api" name="test_methane_model_result_and_evidence" time="2.990" /><testcase classname="tests.test_methane_api" name="test_model_selection_and_legacy_fields_rejected[body0]" time="0.005" /><testcase classname="tests.test_methane_api" name="test_model_selection_and_legacy_fields_rejected[body1]" time="0.005" /><testcase classname="tests.test_methane_api" name="test_model_selection_and_legacy_fields_rejected[body2]" time="0.004" /><testcase classname="tests.test_methane_api" name="test_model_selection_and_legacy_fields_rejected[body3]" time="0.093" /><testcase classname="tests.test_methane_api" name="test_legacy_ramjet_route_still_uses_legacy_solver" time="0.441" /><testcase classname="tests.test_methane_cycle" name="test_burner_energy_elements_and_reaction" time="0.362" /><testcase classname="tests.test_methane_cycle" name="test_explicit_heat_loss_requires_more_fuel" time="0.525" /><testcase classname="tests.test_methane_cycle" name="test_unattainable_target_fails[600]" time="0.189" /><testcase classname="tests.test_methane_cycle" name="test_unattainable_target_fails[5000]" time="0.338" /><testcase classname="tests.test_methane_cycle" name="test_exhausted_fuel_root_fails" time="0.333" /><testcase classname="tests.test_methane_cycle" name="test_ramjet_mass_momentum_and_frozen_products" time="2.703" /><testcase classname="tests.test_methane_cycle" name="test_bad_loss_rejected" time="0.001" /><testcase classname="tests.test_methane_turbojet" name="test_turbojet_shaft_and_mass_close[0.0]" time="6.327" /><testcase classname="tests.test_methane_turbojet" name="test_turbojet_shaft_and_mass_close[0.8]" time="6.400" /><testcase classname="tests.test_methane_turbojet" name="test_infeasible_work_fails" time="0.858" /><testcase classname="tests.test_methane_turbojet" name="test_turbojet_api_and_wrong_architecture" time="7.070" /><testcase classname="tests.test_methane_turbojet" name="test_afterburner_mass_fuel_and_energy_basis" time="8.143" /><testcase classname="tests.test_methane_turbojet" name="test_disabled_afterburner_does_not_apply_pressure_loss" time="13.065" /><testcase classname="tests.test_methane_turbojet" name="test_afterburner_invalid_target_and_api" time="11.452" /><testcase classname="tests.test_mission_assurance" name="test_takeoff_work_energy_identity" time="0.001" /><testcase classname="tests.test_mission_assurance" name="test_breguet_mass_and_weight_sfc_agree" time="0.001" /><testcase classname="tests.test_mission_assurance" name="test_breguet_invalid_core_input[inputs0]" time="0.001" /><testcase classname="tests.test_mission_assurance" name="test_breguet_invalid_core_input[inputs1]" time="0.001" /><testcase classname="tests.test_mission_assurance" name="test_breguet_invalid_core_input[inputs2]" time="0.001" /><testcase classname="tests.test_mission_assurance" name="test_breguet_invalid_core_input[inputs3]" time="0.001" /><testcase classname="tests.test_mission_assurance" name="test_breguet_rejects_ambiguous_and_unknown_api_fields" time="0.008" /><testcase classname="tests.test_mission_assurance" name="test_failed_constraint_never_becomes_optimum" time="0.001" /><testcase classname="tests.test_mission_assurance" name="test_unknown_constraint_is_explicit_failure" time="0.001" /><testcase classname="tests.test_mission_assurance" name="test_takeoff_density_and_ceiling_rate_reach_core" time="0.001" /><testcase classname="tests.test_mission_assurance" name="test_diagnostic_efficiency_inverse_identity" time="0.000" /><testcase classname="tests.test_mission_assurance" name="test_diagnostic_nonfinite_or_invalid_scalars[changes0]" time="0.001" /><testcase classname="tests.test_mission_assurance" name="test_diagnostic_nonfinite_or_invalid_scalars[changes1]" time="0.001" /><testcase classname="tests.test_mission_assurance" name="test_diagnostic_nonfinite_or_invalid_scalars[changes2]" time="0.001" /><testcase classname="tests.test_mission_assurance" name="test_contradictory_telemetry_has_no_fault_verdict[changes0]" time="0.004" /><testcase classname="tests.test_mission_assurance" name="test_contradictory_telemetry_has_no_fault_verdict[changes1]" time="0.184" /><testcase classname="tests.test_mission_assurance" name="test_contradictory_telemetry_has_no_fault_verdict[changes2]" time="0.004" /><testcase classname="tests.test_mission_assurance" name="test_contradictory_telemetry_has_no_fault_verdict[changes3]" time="0.004" /><testcase classname="tests.test_mixing_reheat" name="test_argon_mixing_matches_analytic_temperature" time="0.351" /><testcase classname="tests.test_mixing_reheat" name="test_mixed_products_then_reheat_conserve_streams" time="0.878" /><testcase classname="tests.test_mixing_reheat" name="test_no_oxygen_for_reheat_fails" time="0.255" /><testcase classname="tests.test_mixing_reheat" name="test_invalid_flow_fails[0]" time="0.086" /><testcase classname="tests.test_mixing_reheat" name="test_invalid_flow_fails[-1]" time="0.084" /><testcase classname="tests.test_mixing_reheat" name="test_invalid_flow_fails[nan]" time="0.140" /><testcase classname="tests.test_mixing_reheat" name="test_mixer_pressure_gain_fails" time="0.084" /><testcase classname="tests.test_multispool" name="test_multispool_returns_expected_keys" time="2.725" /><testcase classname="tests.test_multispool" name="test_multispool_positive_performance" time="2.775" /><testcase classname="tests.test_multispool" name="test_multispool_stations_populated" time="2.717" /><testcase classname="tests.test_multispool" name="test_multispool_temperature_progression" time="3.082" /><testcase classname="tests.test_multispool" name="test_multispool_efficiencies_valid" time="2.749" /><testcase classname="tests.test_multispool" name="test_multispool_higher_tit_higher_thrust" time="5.664" /><testcase classname="tests.test_multispool" name="test_multispool_math_trace_populated" time="2.818" /><testcase classname="tests.test_multispool" name="test_multispool_high_alt_cruise" time="2.769" /><testcase classname="tests.test_multispool" name="test_multispool_nozzle_dp_frac_reduces_thrust" time="6.043" /><testcase classname="tests.test_multispool" name="test_turbofan_nozzle_dp_frac_reduces_thrust" time="2.174" /><testcase classname="tests.test_multispool" name="test_multispool_zero_bypass_ratio" time="2.786" /><testcase classname="tests.test_multispool" name="test_multispool_max_bypass_ratio" time="2.796" /><testcase classname="tests.test_multispool" name="test_multispool_extreme_pressure_ratios" time="2.792" /><testcase classname="tests.test_presets_and_extensions" name="test_presets_endpoint" time="0.005" /><testcase classname="tests.test_presets_and_extensions" name="test_ramjet_solver" time="0.431" /><testcase classname="tests.test_presets_and_extensions" name="test_ramjet_endpoint" time="0.844" /><testcase classname="tests.test_presets_and_extensions" name="test_breguet_range_calculator" time="0.001" /><testcase classname="tests.test_presets_and_extensions" name="test_breguet_endpoint" time="0.004" /><testcase classname="tests.test_presets_and_extensions" name="test_moc_obj_export" time="0.072" /><testcase classname="tests.test_presets_and_extensions" name="test_moc_obj_endpoint" time="0.070" /><testcase classname="tests.test_reference_validation" name="test_independent_matched_reference[ATM-H-0]" time="0.001" /><testcase classname="tests.test_reference_validation" name="test_independent_matched_reference[ATM-H-10000]" time="0.001" /><testcase classname="tests.test_reference_validation" name="test_independent_matched_reference[ATM-H-30000]" time="0.001" /><testcase classname="tests.test_reference_validation" name="test_independent_matched_reference[ATM-Z-10000]" time="0.001" /><testcase classname="tests.test_reference_validation" name="test_independent_matched_reference[ATM-Z-30000]" time="0.001" /><testcase classname="tests.test_reference_validation" name="test_independent_matched_reference[PM-1.5]" time="0.001" /><testcase classname="tests.test_reference_validation" name="test_independent_matched_reference[MOC-AREA-1.5]" time="0.162" /><testcase classname="tests.test_reference_validation" name="test_independent_matched_reference[PM-2.0]" time="0.001" /><testcase classname="tests.test_reference_validation" name="test_independent_matched_reference[MOC-AREA-2.0]" time="0.164" /><testcase classname="tests.test_reference_validation" name="test_independent_matched_reference[CEA-GAS-1]" time="0.102" /><testcase classname="tests.test_reference_validation" name="test_independent_matched_reference[CEA-GAS-2]" time="0.089" /><testcase classname="tests.test_reference_validation" name="test_independent_matched_reference[CEA-GAS-3]" time="0.089" /><testcase classname="tests.test_reference_validation" name="test_comparison_preserves_difference" time="0.001" /><testcase classname="tests.test_reference_validation" name="test_comparison_preserves_nonfinite_failure" time="0.001" /><testcase classname="tests.test_reference_validation" name="test_incompatible_reference_never_runs_solver" time="0.001" /><testcase classname="tests.test_reference_validation" name="test_registries_resolve_all_models_equations_and_sources" time="0.006" /><testcase classname="tests.test_reference_validation" name="test_reference_success_does_not_promote_validation" time="1.415" /><testcase classname="tests.test_reference_validation" name="test_empty_reference_cannot_pass" time="0.000" /><testcase classname="tests.test_reference_validation" name="test_cea_cases_match_independent_frozen_artifact" time="0.001" /><testcase classname="tests.test_research_turbofan" name="test_research_architecture_balances[methane_turbofan_research]" time="12.972" /><testcase classname="tests.test_research_turbofan" name="test_research_architecture_balances[methane_mixed_turbofan_research]" time="11.826" /><testcase classname="tests.test_research_turbofan" name="test_research_architecture_balances[methane_multispool_research]" time="19.429" /><testcase classname="tests.test_research_turbofan" name="test_mixed_reheat_and_api" time="9.606" /><testcase classname="tests.test_research_turbofan" name="test_separate_reheat_rejected" time="0.004" /><testcase classname="tests.test_rocket_reactants" name="test_requested_mass_ratio_enters_chemistry[H2/O2-6.0]" time="0.175" /><testcase classname="tests.test_rocket_reactants" name="test_requested_mass_ratio_enters_chemistry[CH4/O2-3.5]" time="0.175" /><testcase classname="tests.test_rocket_reactants" name="test_requested_mass_ratio_enters_chemistry[RP1/O2-2.5]" time="0.182" /><testcase classname="tests.test_rocket_reactants" name="test_requested_mass_ratio_enters_chemistry[CH4/N2O-9.0]" time="0.180" /><testcase classname="tests.test_rocket_reactants" name="test_impurity_uses_fuel_stream_mass_and_adds_overlapping_species[N2]" time="0.091" /><testcase classname="tests.test_rocket_reactants" name="test_impurity_uses_fuel_stream_mass_and_adds_overlapping_species[H2]" time="0.088" /><testcase classname="tests.test_rocket_reactants" name="test_impurity_uses_fuel_stream_mass_and_adds_overlapping_species[O2]" time="0.090" /><testcase classname="tests.test_rocket_reactants" name="test_nonzero_impurity_requires_species" time="0.087" /><testcase classname="tests.test_rocket_reactants" name="test_cold_exit_rejected_before_performance[shifting]" time="0.089" /><testcase classname="tests.test_rocket_reactants" name="test_cold_exit_rejected_before_performance[frozen]" time="2.280" /><testcase classname="tests.test_rocket_reactants" name="test_temperature_floor_includes_boundary" time="0.087" /><testcase classname="tests.test_rocket_temperature_domain" name="test_temperature_endpoints_are_included[300.0]" time="0.094" /><testcase classname="tests.test_rocket_temperature_domain" name="test_temperature_endpoints_are_included[5000.0]" time="0.092" /><testcase classname="tests.test_rocket_temperature_domain" name="test_extrapolated_temperature_is_rejected[299.999]" time="0.094" /><testcase classname="tests.test_rocket_temperature_domain" name="test_extrapolated_temperature_is_rejected[5000.001]" time="0.058" /><testcase classname="tests.test_rocket_temperature_domain" name="test_frozen_throat_retains_high_temperature_properties" time="2.444" /><testcase classname="tests.test_rocket_temperature_domain" name="test_rocket_reports_actual_mechanism[frozen]" time="2.296" /><testcase classname="tests.test_rocket_temperature_domain" name="test_rocket_reports_actual_mechanism[shifting]" time="0.096" /><testcase classname="tests.test_rocket_throat" name="test_throat_mass_and_exit_area_close[frozen]" time="2.513" /><testcase classname="tests.test_rocket_throat" name="test_throat_mass_and_exit_area_close[shifting]" time="0.089" /><testcase classname="tests.test_shaft_stages" name="test_argon_compressor_analytic[1.0]" time="0.265" /><testcase classname="tests.test_shaft_stages" name="test_argon_compressor_analytic[0.85]" time="0.200" /><testcase classname="tests.test_shaft_stages" name="test_argon_turbine_analytic[1.0]" time="0.272" /><testcase classname="tests.test_shaft_stages" name="test_argon_turbine_analytic[0.85]" time="0.261" /><testcase classname="tests.test_shaft_stages" name="test_two_shafts_close_with_product_mass_and_mechanical_loss" time="8.148" /><testcase classname="tests.test_shaft_stages" name="test_zero_shaft_demand_preserves_state" time="0.087" /><testcase classname="tests.test_shaft_stages" name="test_unavailable_work_and_exhaustion_fail" time="0.585" /><testcase classname="tests.test_shaft_stages" name="test_invalid_efficiencies_fail[0]" time="0.087" /><testcase classname="tests.test_shaft_stages" name="test_invalid_efficiencies_fail[1.1]" time="0.089" /><testcase classname="tests.test_shaft_stages" name="test_invalid_efficiencies_fail[nan]" time="0.096" /><testcase classname="tests.test_solver_assurance" name="test_no_expansion_is_explicit[90000]" time="0.001" /><testcase classname="tests.test_solver_assurance" name="test_no_expansion_is_explicit[101325]" time="0.001" /><testcase classname="tests.test_solver_assurance" name="test_nozzle_choke_identity" time="0.000" /><testcase classname="tests.test_solver_assurance" name="test_turbine_efficiency_from_temperature_ratios" time="0.000" /><testcase classname="tests.test_solver_assurance" name="test_core_rejects_architecture[solve_multispool-args0]" time="0.910" /><testcase classname="tests.test_solver_assurance" name="test_core_rejects_architecture[solve_turbofan-args1]" time="0.547" /><testcase classname="tests.test_solver_assurance" name="test_core_allows_unity_hpc" time="2.822" /><testcase classname="tests.test_solver_assurance" name="test_active_heat_addition_cannot_cool[solve_turbojet-args0]" time="0.459" /><testcase classname="tests.test_solver_assurance" name="test_active_heat_addition_cannot_cool[solve_turbofan-args1]" time="0.891" /><testcase classname="tests.test_solver_assurance" name="test_active_heat_addition_cannot_cool[solve_multispool-args2]" time="0.886" /><testcase classname="tests.test_solver_assurance" name="test_active_heat_addition_cannot_cool[solve_turbojet-args3]" time="0.836" /><testcase classname="tests.test_solver_assurance" name="test_active_heat_addition_cannot_cool[solve_turbofan-args4]" time="1.603" /><testcase classname="tests.test_solver_assurance" name="test_multispool_final_work_residuals" time="3.783" /><testcase classname="tests.test_solver_assurance" name="test_iteration_exhaustion_is_not_success" time="2.868" /><testcase classname="tests.test_solver_assurance" name="test_unknown_validation_is_not_true" time="0.000" /><testcase classname="tests.test_solver_assurance" name="test_negative_thrust_has_no_tsfc" time="0.001" /><testcase classname="tests.test_solver_assurance" name="test_nonfinite_output_is_not_silent" time="0.001" /><testcase classname="tests.test_solver_assurance" name="test_api_domain_error_and_correlation" time="1.979" /><testcase classname="tests.test_solver_assurance" name="test_sweep_retains_every_requested_point" time="3.824" /><testcase classname="tests.test_solver_assurance" name="test_typed_failures_reach_gateway[failure0-409-NUMERICAL_FAILURE]" time="0.172" /><testcase classname="tests.test_solver_assurance" name="test_typed_failures_reach_gateway[failure1-503-DEPENDENCY_FAILURE]" time="0.173" /><testcase classname="tests.test_solver_assurance" name="test_atmosphere_rejects_extrapolation[-1]" time="0.001" /><testcase classname="tests.test_solver_assurance" name="test_atmosphere_rejects_extrapolation[47000.1]" time="0.001" /><testcase classname="tests.test_solver_assurance" name="test_atmosphere_rejects_extrapolation[100000]" time="0.001" /><testcase classname="tests.test_solver_assurance" name="test_atmosphere_rejects_extrapolation[nan]" time="0.001" /><testcase classname="tests.test_solver_assurance" name="test_rocket_ambient_changes_only_pressure_thrust" time="0.192" /><testcase classname="tests.test_solver_assurance" name="test_fixed_geometry_altitude_and_invalid_point" time="0.109" /><testcase classname="tests.test_solver_assurance" name="test_expansion_regime[100000-0-Underexpanded]" time="0.001" /><testcase classname="tests.test_solver_assurance" name="test_expansion_regime[100000-100000-Ideally Expanded]" time="0.001" /><testcase classname="tests.test_solver_assurance" name="test_expansion_regime[80000-100000-Overexpanded]" time="0.001" /><testcase classname="tests.test_solver_assurance" name="test_expansion_regime[30000-100000-Separation Warning]" time="0.001" /><testcase classname="tests.test_solver_assurance" name="test_rocket_pressure_contract[0-0]" time="0.001" /><testcase classname="tests.test_solver_assurance" name="test_rocket_pressure_contract[7500000.0-0]" time="0.001" /><testcase classname="tests.test_solver_assurance" name="test_rocket_pressure_contract[-1-0]" time="0.001" /><testcase classname="tests.test_solver_assurance" name="test_rocket_pressure_contract[101325--1]" time="0.001" /><testcase classname="tests.test_solver_assurance" name="test_map_anchor_and_surge_boundary" time="0.676" /><testcase classname="tests.test_solver_assurance" name="test_offdesign_si_and_failure_rows" time="3.147" /><testcase classname="tests.test_solver_assurance" name="test_map_never_clips_outside_speed" time="0.001" /><testcase classname="tests.test_solver_assurance" name="test_pressure_work_is_included_in_energy_flux" time="0.000" /><testcase classname="tests.test_solver_assurance" name="test_api_rejects_nonfinite_inputs_with_json_envelope" time="0.005" /><testcase classname="tests.test_solver_assurance" name="test_api_rejects_altitude_beyond_supported_model" time="0.003" /><testcase classname="tests.test_solver_assurance" name="test_ambient_pressure_cannot_exceed_chamber" time="0.001" /><testcase classname="tests.test_solver_assurance" name="test_expected_sweep_failures_do_not_hide_programming_errors" time="0.173" /><testcase classname="tests.test_solver_assurance" name="test_mechanism_load_failure_is_a_dependency_failure" time="0.001" /></testsuite></testsuites>